<?xml version="1.0" encoding="utf-8"?>
<TestRun id="5295b334-2ca7-48ce-a63b-e8858c6d6116" name="Admin@DESKTOP-GQN87MV 2026-04-12 06:05:09" runUser="DESKTOP-GQN87MV\Admin" xmlns="http://microsoft.com/schemas/VisualStudio/TeamTest/2010">
  <Times creation="2026-04-12T06:05:09.0898254+03:00" queuing="2026-04-12T06:05:09.0898259+03:00" start="2026-04-12T06:05:08.5988548+03:00" finish="2026-04-12T06:05:53.6666561+03:00" />
  <TestSettings name="default" id="8c67f1b1-b6d0-4e96-a979-5245f7ff66b2">
    <Deployment runDeploymentRoot="Admin_DESKTOP-GQN87MV_2026-04-12_06_05_09" />
  </TestSettings>
  <Results>
    <UnitTestResult executionId="c4ae3f68-e77e-484d-92f8-3281547a2dc5" testId="c8322b91-f737-4f52-27a1-fadbae65e110" testName="AuraCore.Tests.Module.PurgeableSpaceManagerTests.PurgeableSpaceManager_Scan_OnNonMacOS_ReturnsBlocked" computerName="DESKTOP-GQN87MV" duration="00:00:00.0094026" startTime="2026-04-12T06:05:09.0754120+03:00" endTime="2026-04-12T06:05:09.0754124+03:00" testType="13cdc9d9-ddb5-4fa4-a97d-d965ccfc6d4b" outcome="Passed" testListId="8c84fa94-04c1-424b-9868-57a2d4851a1d" relativeResultsDirectory="c4ae3f68-e77e-484d-92f8-3281547a2dc5" />
    <UnitTestResult executionId="f82351c4-818b-49a4-bcd0-0d03d939408c" testId="c99883ff-f5b0-cce9-c384-355e0051d641" testName="AuraCore.Tests.Module.DnsFlusherTests.DnsFlusher_Metadata_IsValid" computerName="DESKTOP-GQN87MV" duration="00:00:00.0035146" startTime="2026-04-12T06:05:09.0799344+03:00" endTime="2026-04-12T06:05:09.0799344+03:00" testType="13cdc9d9-ddb5-4fa4-a97d-d965ccfc6d4b" outcome="Passed" testListId="8c84fa94-04c1-424b-9868-57a2d4851a1d" relativeResultsDirectory="f82351c4-818b-49a4-bcd0-0d03d939408c" />
    <UnitTestResult executionId="4ed5c055-aacf-481d-b811-2d846c78332f" testId="84fe30d9-5b03-ee81-1665-01ffbf40a5e2" testName="AuraCore.Tests.Module.DnsFlusherTests.DnsFlusher_Optimize_WithEmptyPlan_ReturnsSuccess" computerName="DESKTOP-GQN87MV" duration="00:00:00.0015366" startTime="2026-04-12T06:05:09.0802042+03:00" endTime="2026-04-12T06:05:09.0802043+03:00" testType="13cdc9d9-ddb5-4fa4-a97d-d965ccfc6d4b" outcome="Passed" testListId="8c84fa94-04c1-424b-9868-57a2d4851a1d" relativeResultsDirectory="4ed5c055-aacf-481d-b811-2d846c78332f" />
    <UnitTestResult executionId="8ec03ac9-5795-4d9f-a69b-a5127c7dc91c" testId="37d4785b-54f3-a45e-80c6-75c049f62b85" testName="AuraCore.Tests.Module.KernelCleanerTests.KernelCleaner_Optimize_RefusesToRemoveCurrentKernel" computerName="DESKTOP-GQN87MV" duration="00:00:00.0004627" startTime="2026-04-12T06:05:09.0795817+03:00" endTime="2026-04-12T06:05:09.0795818+03:00" testType="13cdc9d9-ddb5-4fa4-a97d-d965ccfc6d4b" outcome="Passed" testListId="8c84fa94-04c1-424b-9868-57a2d4851a1d" relativeResultsDirectory="8ec03ac9-5795-4d9f-a69b-a5127c7dc91c" />
    <UnitTestResult executionId="9dea7be8-74db-455c-9d3c-02e9ada75cb7" testId="af65e173-46f1-d25c-94fd-f9d7270e40f8" testName="AuraCore.Tests.Module.BrewManagerTests.BrewManager_Metadata_IsValid" computerName="DESKTOP-GQN87MV" duration="00:00:00.0162000" startTime="2026-04-12T06:05:09.0778847+03:00" endTime="2026-04-12T06:05:09.0778847+03:00" testType="13cdc9d9-ddb5-4fa4-a97d-d965ccfc6d4b" outcome="Passed" testListId="8c84fa94-04c1-424b-9868-57a2d4851a1d" relativeResultsDirectory="9dea7be8-74db-455c-9d3c-02e9ada75cb7" />
    <UnitTestResult executionId="35d1eda2-af99-4ece-8d07-6d3828d3b42f" testId="4bd40f88-2bf7-bc7b-6614-a78f50e7d2c9" testName="AuraCore.Tests.Module.MacAppInstallerTests.MacAppInstaller_Bundles_Has10Categories" computerName="DESKTOP-GQN87MV" duration="00:00:00.0056162" startTime="2026-04-12T06:05:09.0798805+03:00" endTime="2026-04-12T06:05:09.0798805+03:00" testType="13cdc9d9-ddb5-4fa4-a97d-d965ccfc6d4b" outcome="Passed" testListId="8c84fa94-04c1-424b-9868-57a2d4851a1d" relativeResultsDirectory="35d1eda2-af99-4ece-8d07-6d3828d3b42f" />
    <UnitTestResult executionId="7235e67b-9353-4d69-b447-e5d97dfdca57" testId="6e95a079-8932-f5f8-c173-f1c5893dd04f" testName="AuraCore.Tests.Module.DefaultsOptimizerTests.DefaultsOptimizer_Optimize_WithEmptyPlan_ReturnsSuccess" computerName="DESKTOP-GQN87MV" duration="00:00:00.0021091" startTime="2026-04-12T06:05:09.0791797+03:00" endTime="2026-04-12T06:05:09.0791797+03:00" testType="13cdc9d9-ddb5-4fa4-a97d-d965ccfc6d4b" outcome="Passed" testListId="8c84fa94-04c1-424b-9868-57a2d4851a1d" relativeResultsDirectory="7235e67b-9353-4d69-b447-e5d97dfdca57" />
    <UnitTestResult executionId="0e3985c5-b46f-41bf-bf2e-ac3068b029a1" testId="f27a7fe9-4dd9-48e8-c219-15e81db9202e" testName="AuraCore.Tests.Module.BrewManagerTests.BrewManager_Scan_OnNonMacOS_ReturnsBlocked" computerName="DESKTOP-GQN87MV" duration="00:00:00.0020458" startTime="2026-04-12T06:05:09.0786595+03:00" endTime="2026-04-12T06:05:09.0786595+03:00" testType="13cdc9d9-ddb5-4fa4-a97d-d965ccfc6d4b" outcome="Passed" testListId="8c84fa94-04c1-424b-9868-57a2d4851a1d" relativeResultsDirectory="0e3985c5-b46f-41bf-bf2e-ac3068b029a1" />
    <UnitTestResult executionId="c7e4a850-8798-4f4c-babf-d3d620d69d9c" testId="4418623b-d16c-c79e-b722-d9caa4191313" testName="AuraCore.Tests.Module.SystemdManagerTests.SystemdManager_Metadata_IsValid" computerName="DESKTOP-GQN87MV" duration="00:00:00.0001825" startTime="2026-04-12T06:05:09.0805614+03:00" endTime="2026-04-12T06:05:09.0805614+03:00" testType="13cdc9d9-ddb5-4fa4-a97d-d965ccfc6d4b" outcome="Passed" testListId="8c84fa94-04c1-424b-9868-57a2d4851a1d" relativeResultsDirectory="c7e4a850-8798-4f4c-babf-d3d620d69d9c" />
    <UnitTestResult executionId="c79eebdd-7ddc-4a8f-9575-cda64e661a6a" testId="0a311896-f077-0523-0c71-5927ea56e008" testName="AuraCore.Tests.Module.MacAppInstallerTests.MacAppInstaller_Optimize_InvalidItemId_NoCrash" computerName="DESKTOP-GQN87MV" duration="00:00:00.0141731" startTime="2026-04-12T06:05:09.0772159+03:00" endTime="2026-04-12T06:05:09.0772160+03:00" testType="13cdc9d9-ddb5-4fa4-a97d-d965ccfc6d4b" outcome="Passed" testListId="8c84fa94-04c1-424b-9868-57a2d4851a1d" relativeResultsDirectory="c79eebdd-7ddc-4a8f-9575-cda64e661a6a" />
    <UnitTestResult executionId="7c949447-8b1d-4b50-9da9-1b6baeab8b77" testId="f84baa99-31a4-8da1-465c-59daa001e1bd" testName="AuraCore.Tests.Module.DockerCleanerTests.DockerCleaner_Metadata_IsValid" computerName="DESKTOP-GQN87MV" duration="00:00:00.0007470" startTime="2026-04-12T06:05:09.0773061+03:00" endTime="2026-04-12T06:05:09.0773061+03:00" testType="13cdc9d9-ddb5-4fa4-a97d-d965ccfc6d4b" outcome="Passed" testListId="8c84fa94-04c1-424b-9868-57a2d4851a1d" relativeResultsDirectory="7c949447-8b1d-4b50-9da9-1b6baeab8b77" />
    <UnitTestResult executionId="95efa26c-67a7-44aa-b944-b610e5369c93" testId="aaa2d4d8-85ce-dc3f-96b6-0cf15983ba5a" testName="AuraCore.Tests.Module.SwapOptimizerTests.SwapOptimizer_Metadata_IsValid" computerName="DESKTOP-GQN87MV" duration="00:00:00.0043616" startTime="2026-04-12T06:05:09.0783518+03:00" endTime="2026-04-12T06:05:09.0783519+03:00" testType="13cdc9d9-ddb5-4fa4-a97d-d965ccfc6d4b" outcome="Passed" testListId="8c84fa94-04c1-424b-9868-57a2d4851a1d" relativeResultsDirectory="95efa26c-67a7-44aa-b944-b610e5369c93" />
    <UnitTestResult executionId="0b96829f-58e0-44a9-b73f-192089916d3d" testId="74384b81-19d6-96d9-c9f9-d2d2d47c6bc1" testName="AuraCore.Tests.Module.IsAdvancedTests.DefaultModule_IsNotAdvanced" computerName="DESKTOP-GQN87MV" duration="00:00:00.0009717" startTime="2026-04-12T06:05:09.0794599+03:00" endTime="2026-04-12T06:05:09.0794600+03:00" testType="13cdc9d9-ddb5-4fa4-a97d-d965ccfc6d4b" outcome="Passed" testListId="8c84fa94-04c1-424b-9868-57a2d4851a1d" relativeResultsDirectory="0b96829f-58e0-44a9-b73f-192089916d3d" />
    <UnitTestResult executionId="91bc6ccd-a097-4291-8529-22e35c55a14c" testId="7c301c90-e2fb-f84f-7950-dfd4b2b8d047" testName="AuraCore.Tests.Module.SymlinkManagerTests.SymlinkManager_Optimize_WithEmptyPlan_ReturnsSuccess" computerName="DESKTOP-GQN87MV" duration="00:00:00.0097785" startTime="2026-04-12T06:05:09.0658518+03:00" endTime="2026-04-12T06:05:09.0658519+03:00" testType="13cdc9d9-ddb5-4fa4-a97d-d965ccfc6d4b" outcome="Passed" testListId="8c84fa94-04c1-424b-9868-57a2d4851a1d" relativeResultsDirectory="91bc6ccd-a097-4291-8529-22e35c55a14c" />
    <UnitTestResult executionId="df8329f9-5642-40c6-99ae-7a246caa4516" testId="b584a82e-810f-4b21-a9d7-eb2735a3d126" testName="AuraCore.Tests.Module.AdvancedModulesTests.FontManager_IsAdvanced" computerName="DESKTOP-GQN87MV" duration="00:00:00.0034317" startTime="2026-04-12T06:05:09.0799100+03:00" endTime="2026-04-12T06:05:09.0799101+03:00" testType="13cdc9d9-ddb5-4fa4-a97d-d965ccfc6d4b" outcome="Passed" testListId="8c84fa94-04c1-424b-9868-57a2d4851a1d" relativeResultsDirectory="df8329f9-5642-40c6-99ae-7a246caa4516" />
    <UnitTestResult executionId="04e5284a-50e9-4533-b196-af65e67feb05" testId="e46bc269-2d52-97f8-894a-6751221d861d" testName="AuraCore.Tests.Module.SymlinkManagerTests.SymlinkManager_Scan_OnNonLinux_ReturnsBlocked" computerName="DESKTOP-GQN87MV" duration="00:00:00.0014786" startTime="2026-04-12T06:05:09.0765490+03:00" endTime="2026-04-12T06:05:09.0765491+03:00" testType="13cdc9d9-ddb5-4fa4-a97d-d965ccfc6d4b" outcome="Passed" testListId="8c84fa94-04c1-424b-9868-57a2d4851a1d" relativeResultsDirectory="04e5284a-50e9-4533-b196-af65e67feb05" />
    <UnitTestResult executionId="a66384e0-75b1-436a-b851-389ecf492bb6" testId="f1acdb02-613c-b3ca-1172-187de5d350dd" testName="AuraCore.Tests.Module.LinuxAppInstallerTests.LinuxAppInstaller_Bundles_HasAtLeast130Apps" computerName="DESKTOP-GQN87MV" duration="00:00:00.0001778" startTime="2026-04-12T06:05:09.0805403+03:00" endTime="2026-04-12T06:05:09.0805403+03:00" testType="13cdc9d9-ddb5-4fa4-a97d-d965ccfc6d4b" outcome="Passed" testListId="8c84fa94-04c1-424b-9868-57a2d4851a1d" relativeResultsDirectory="a66384e0-75b1-436a-b851-389ecf492bb6" />
    <UnitTestResult executionId="6a931951-140d-4cd2-b3b2-61388def0d2d" testId="9cec2f29-75eb-3459-a6b0-38ce6dcc0cdc" testName="AuraCore.Tests.Module.ModuleContractTests.JunkCleaner_Scan" computerName="DESKTOP-GQN87MV" duration="00:00:00.2298702" startTime="2026-04-12T06:05:09.3021289+03:00" endTime="2026-04-12T06:05:09.3021295+03:00" testType="13cdc9d9-ddb5-4fa4-a97d-d965ccfc6d4b" outcome="Passed" testListId="8c84fa94-04c1-424b-9868-57a2d4851a1d" relativeResultsDirectory="6a931951-140d-4cd2-b3b2-61388def0d2d" />
    <UnitTestResult executionId="0ae6ff60-d29d-444b-a45a-b5e00c68a1ea" testId="6d214225-511a-62f1-ba97-f3cff0aefaee" testName="AuraCore.Tests.Module.TimeMachineManagerTests.TimeMachineManager_Optimize_WithEmptyPlan_ReturnsSuccess" computerName="DESKTOP-GQN87MV" duration="00:00:00.0022143" startTime="2026-04-12T06:05:09.0772562+03:00" endTime="2026-04-12T06:05:09.0772563+03:00" testType="13cdc9d9-ddb5-4fa4-a97d-d965ccfc6d4b" outcome="Passed" testListId="8c84fa94-04c1-424b-9868-57a2d4851a1d" relativeResultsDirectory="0ae6ff60-d29d-444b-a45a-b5e00c68a1ea" />
    <UnitTestResult executionId="17dfd070-a711-47bc-8aec-86710c3af598" testId="65d94bce-8150-901c-29ff-c8e7c4bcd13a" testName="AuraCore.Tests.Module.MacAppInstallerTests.MacAppInstaller_AllAppIds_AreUnique" computerName="DESKTOP-GQN87MV" duration="00:00:00.0008465" startTime="2026-04-12T06:05:09.0804814+03:00" endTime="2026-04-12T06:05:09.0804815+03:00" testType="13cdc9d9-ddb5-4fa4-a97d-d965ccfc6d4b" outcome="Passed" testListId="8c84fa94-04c1-424b-9868-57a2d4851a1d" relativeResultsDirectory="17dfd070-a711-47bc-8aec-86710c3af598" />
    <UnitTestResult executionId="28499ac5-cd7a-4873-bce6-8e98d69b0640" testId="7ae067c9-9d6b-63ec-f6aa-2544d01fc59f" testName="AuraCore.Tests.Module.JournalCleanerTests.JournalCleaner_Metadata_IsValid" computerName="DESKTOP-GQN87MV" duration="00:00:00.0041532" startTime="2026-04-12T06:05:09.0773485+03:00" endTime="2026-04-12T06:05:09.0773485+03:00" testType="13cdc9d9-ddb5-4fa4-a97d-d965ccfc6d4b" outcome="Passed" testListId="8c84fa94-04c1-424b-9868-57a2d4851a1d" relativeResultsDirectory="28499ac5-cd7a-4873-bce6-8e98d69b0640" />
    <UnitTestResult executionId="a77a2755-569b-4baa-a823-332e9dae89bc" testId="92731b59-ec0d-9c4c-5a63-d20caad5ef4e" testName="AuraCore.Tests.Module.LinuxAppInstallerTests.LinuxAppInstaller_Bundles_Has10Categories" computerName="DESKTOP-GQN87MV" duration="00:00:00.0001064" startTime="2026-04-12T06:05:09.0807855+03:00" endTime="2026-04-12T06:05:09.0807855+03:00" testType="13cdc9d9-ddb5-4fa4-a97d-d965ccfc6d4b" outcome="Passed" testListId="8c84fa94-04c1-424b-9868-57a2d4851a1d" relativeResultsDirectory="a77a2755-569b-4baa-a823-332e9dae89bc" />
    <UnitTestResult executionId="aff9a4ef-13a2-47a7-b32d-0e5b48f98bfd" testId="25533316-5e7a-c4ab-a20f-3dabe1ad840f" testName="AuraCore.Tests.Module.SystemdManagerTests.SystemdManager_Scan_OnNonLinux_ReturnsBlocked" computerName="DESKTOP-GQN87MV" duration="00:00:00.0012078" startTime="2026-04-12T06:05:09.0805169+03:00" endTime="2026-04-12T06:05:09.0805169+03:00" testType="13cdc9d9-ddb5-4fa4-a97d-d965ccfc6d4b" outcome="Passed" testListId="8c84fa94-04c1-424b-9868-57a2d4851a1d" relativeResultsDirectory="aff9a4ef-13a2-47a7-b32d-0e5b48f98bfd" />
    <UnitTestResult executionId="34a1fd0c-925d-45b2-b426-bbbc0167d1e3" testId="60a31854-2c68-b415-5a46-37c5fbf442d2" testName="AuraCore.Tests.Module.SpotlightManagerTests.SpotlightManager_Optimize_WithEmptyPlan_ReturnsSuccess" computerName="DESKTOP-GQN87MV" duration="00:00:00.0048036" startTime="2026-04-12T06:05:09.0799734+03:00" endTime="2026-04-12T06:05:09.0799735+03:00" testType="13cdc9d9-ddb5-4fa4-a97d-d965ccfc6d4b" outcome="Passed" testListId="8c84fa94-04c1-424b-9868-57a2d4851a1d" relativeResultsDirectory="34a1fd0c-925d-45b2-b426-bbbc0167d1e3" />
    <UnitTestResult executionId="d0a25dfd-f9d8-477c-8acd-49748531ee6d" testId="22683986-86d3-533e-5f7a-77a1b6259423" testName="AuraCore.Tests.Module.SystemdManagerTests.SystemdManager_Optimize_WithEmptyPlan_ReturnsSuccess" computerName="DESKTOP-GQN87MV" duration="00:00:00.0002953" startTime="2026-04-12T06:05:09.0805801+03:00" endTime="2026-04-12T06:05:09.0805802+03:00" testType="13cdc9d9-ddb5-4fa4-a97d-d965ccfc6d4b" outcome="Passed" testListId="8c84fa94-04c1-424b-9868-57a2d4851a1d" relativeResultsDirectory="d0a25dfd-f9d8-477c-8acd-49748531ee6d" />
    <UnitTestResult executionId="1cd522cb-f34a-4e86-aa18-c12e46ad7e81" testId="eea8d141-69ef-6a23-6bc2-73ab0f7a99a3" testName="AuraCore.Tests.Module.JournalCleanerTests.JournalCleaner_Scan_OnNonLinux_ReturnsBlockedOrFailure" computerName="DESKTOP-GQN87MV" duration="00:00:00.0101990" startTime="2026-04-12T06:05:09.0633898+03:00" endTime="2026-04-12T06:05:09.0634075+03:00" testType="13cdc9d9-ddb5-4fa4-a97d-d965ccfc6d4b" outcome="Passed" testListId="8c84fa94-04c1-424b-9868-57a2d4851a1d" relativeResultsDirectory="1cd522cb-f34a-4e86-aa18-c12e46ad7e81" />
    <UnitTestResult executionId="d4e5aab0-8e57-4495-bdfd-74522bff4429" testId="40537617-a2ba-0ff9-86c9-335e3e41fc0f" testName="AuraCore.Tests.Module.SwapOptimizerTests.SwapOptimizer_Optimize_WithEmptyPlan_ReturnsSuccess" computerName="DESKTOP-GQN87MV" duration="00:00:00.0024815" startTime="2026-04-12T06:05:09.0789906+03:00" endTime="2026-04-12T06:05:09.0789906+03:00" testType="13cdc9d9-ddb5-4fa4-a97d-d965ccfc6d4b" outcome="Passed" testListId="8c84fa94-04c1-424b-9868-57a2d4851a1d" relativeResultsDirectory="d4e5aab0-8e57-4495-bdfd-74522bff4429" />
    <UnitTestResult executionId="50c7c984-7401-4615-839a-ab4b3e68e48f" testId="8dfabcc7-8e76-f5e3-5ba1-ab0b7a341d2b" testName="AuraCore.Tests.Module.MacAppInstallerTests.MacAppInstaller_Bundles_HasAtLeast130Apps" computerName="DESKTOP-GQN87MV" duration="00:00:00.0015750" startTime="2026-04-12T06:05:09.0799567+03:00" endTime="2026-04-12T06:05:09.0799567+03:00" testType="13cdc9d9-ddb5-4fa4-a97d-d965ccfc6d4b" outcome="Passed" testListId="8c84fa94-04c1-424b-9868-57a2d4851a1d" relativeResultsDirectory="50c7c984-7401-4615-839a-ab4b3e68e48f" />
    <UnitTestResult executionId="d5cb1615-4db4-4faf-b4c1-b821fe61a2b8" testId="dbdf10df-d0cd-f8e0-bef0-d00907423b6b" testName="AuraCore.Tests.Module.XcodeCleanerTests.XcodeCleaner_Metadata_IsValid" computerName="DESKTOP-GQN87MV" duration="00:00:00.0162813" startTime="2026-04-12T06:05:09.0773523+03:00" endTime="2026-04-12T06:05:09.0773523+03:00" testType="13cdc9d9-ddb5-4fa4-a97d-d965ccfc6d4b" outcome="Passed" testListId="8c84fa94-04c1-424b-9868-57a2d4851a1d" relativeResultsDirectory="d5cb1615-4db4-4faf-b4c1-b821fe61a2b8" />
    <UnitTestResult executionId="6c8f1288-e854-476e-b227-144aa1243632" testId="30589377-2415-def8-3eb4-39ed237e43aa" testName="AuraCore.Tests.Module.SpotlightManagerTests.SpotlightManager_Scan_OnNonMacOS_ReturnsBlocked" computerName="DESKTOP-GQN87MV" duration="00:00:00.0011620" startTime="2026-04-12T06:05:09.0804661+03:00" endTime="2026-04-12T06:05:09.0804661+03:00" testType="13cdc9d9-ddb5-4fa4-a97d-d965ccfc6d4b" outcome="Passed" testListId="8c84fa94-04c1-424b-9868-57a2d4851a1d" relativeResultsDirectory="6c8f1288-e854-476e-b227-144aa1243632" />
    <UnitTestResult executionId="e04f8d2b-2f07-4174-9e26-39cbe1062571" testId="002ad71c-b0ea-6b26-cda7-ad2db645d4e4" testName="AuraCore.Tests.Module.PurgeableSpaceManagerTests.PurgeableSpaceManager_Metadata_IsValid" computerName="DESKTOP-GQN87MV" duration="00:00:00.0041206" startTime="2026-04-12T06:05:09.0773097+03:00" endTime="2026-04-12T06:05:09.0773097+03:00" testType="13cdc9d9-ddb5-4fa4-a97d-d965ccfc6d4b" outcome="Passed" testListId="8c84fa94-04c1-424b-9868-57a2d4851a1d" relativeResultsDirectory="e04f8d2b-2f07-4174-9e26-39cbe1062571" />
    <UnitTestResult executionId="b56b1e9b-9510-432d-bdd4-3310dad56c8a" testId="721ad432-21d9-9eea-af80-47d5bc487baa" testName="AuraCore.Tests.Module.CronManagerTests.CronManager_Optimize_WithEmptyPlan_ReturnsSuccess" computerName="DESKTOP-GQN87MV" duration="00:00:00.0018696" startTime="2026-04-12T06:05:09.0786047+03:00" endTime="2026-04-12T06:05:09.0786047+03:00" testType="13cdc9d9-ddb5-4fa4-a97d-d965ccfc6d4b" outcome="Passed" testListId="8c84fa94-04c1-424b-9868-57a2d4851a1d" relativeResultsDirectory="b56b1e9b-9510-432d-bdd4-3310dad56c8a" />
    <UnitTestResult executionId="357fbba7-5397-4b75-95d6-0c548ffa84c0" testId="9489559a-4033-5d04-17d2-87d18bbbdebc" testName="AuraCore.Tests.Module.XcodeCleanerTests.XcodeCleaner_Optimize_WithEmptyPlan_ReturnsSuccess" computerName="DESKTOP-GQN87MV" duration="00:00:00.0033081" startTime="2026-04-12T06:05:09.0792602+03:00" endTime="2026-04-12T06:05:09.0792602+03:00" testType="13cdc9d9-ddb5-4fa4-a97d-d965ccfc6d4b" outcome="Passed" testListId="8c84fa94-04c1-424b-9868-57a2d4851a1d" relativeResultsDirectory="357fbba7-5397-4b75-95d6-0c548ffa84c0" />
    <UnitTestResult executionId="8b27cb34-75ca-48bf-b871-900f10bcf73a" testId="aaa4a8f2-24ef-735f-8948-b09f3579ab78" testName="AuraCore.Tests.Module.DefaultsOptimizerTests.DefaultsOptimizer_Metadata_IsValid" computerName="DESKTOP-GQN87MV" duration="00:00:00.0162915" startTime="2026-04-12T06:05:09.0782518+03:00" endTime="2026-04-12T06:05:09.0782519+03:00" testType="13cdc9d9-ddb5-4fa4-a97d-d965ccfc6d4b" outcome="Passed" testListId="8c84fa94-04c1-424b-9868-57a2d4851a1d" relativeResultsDirectory="8b27cb34-75ca-48bf-b871-900f10bcf73a" />
    <UnitTestResult executionId="aa26c89e-5b47-40d4-8480-d5672d891005" testId="a5bc5fba-2044-035e-d0f9-91e8f81054e6" testName="AuraCore.Tests.Module.XcodeCleanerTests.XcodeCleaner_Scan_OnNonMacOS_ReturnsBlocked" computerName="DESKTOP-GQN87MV" duration="00:00:00.0014354" startTime="2026-04-12T06:05:09.0795849+03:00" endTime="2026-04-12T06:05:09.0795850+03:00" testType="13cdc9d9-ddb5-4fa4-a97d-d965ccfc6d4b" outcome="Passed" testListId="8c84fa94-04c1-424b-9868-57a2d4851a1d" relativeResultsDirectory="aa26c89e-5b47-40d4-8480-d5672d891005" />
    <UnitTestResult executionId="2e1bed6f-15ed-42a9-9de4-efcd4e9ab747" testId="9e5194f0-1a58-1635-247b-e77ad8092fc6" testName="AuraCore.Tests.Module.PurgeableSpaceManagerTests.PurgeableSpaceManager_Optimize_WithEmptyPlan_ReturnsSuccess" computerName="DESKTOP-GQN87MV" duration="00:00:00.0032889" startTime="2026-04-12T06:05:09.0792056+03:00" endTime="2026-04-12T06:05:09.0792056+03:00" testType="13cdc9d9-ddb5-4fa4-a97d-d965ccfc6d4b" outcome="Passed" testListId="8c84fa94-04c1-424b-9868-57a2d4851a1d" relativeResultsDirectory="2e1bed6f-15ed-42a9-9de4-efcd4e9ab747" />
    <UnitTestResult executionId="2ebb6a59-fee1-42c2-81d7-63c9de29ce18" testId="520532de-6fd6-8d6f-473d-3762d2c85b76" testName="AuraCore.Tests.Module.SpotlightManagerTests.SpotlightManager_Metadata_IsValid" computerName="DESKTOP-GQN87MV" duration="00:00:00.0002428" startTime="2026-04-12T06:05:09.0801583+03:00" endTime="2026-04-12T06:05:09.0801583+03:00" testType="13cdc9d9-ddb5-4fa4-a97d-d965ccfc6d4b" outcome="Passed" testListId="8c84fa94-04c1-424b-9868-57a2d4851a1d" relativeResultsDirectory="2ebb6a59-fee1-42c2-81d7-63c9de29ce18" />
    <UnitTestResult executionId="fd8b67b7-3375-4a90-a06c-9796a9902eb3" testId="f93ff16e-61f5-4d93-e2e1-cf6f8c2c6282" testName="AuraCore.Tests.Module.KernelCleanerTests.KernelCleaner_Optimize_WithEmptyPlan_ReturnsSuccess" computerName="DESKTOP-GQN87MV" duration="00:00:00.0023622" startTime="2026-04-12T06:05:09.0788891+03:00" endTime="2026-04-12T06:05:09.0788892+03:00" testType="13cdc9d9-ddb5-4fa4-a97d-d965ccfc6d4b" outcome="Passed" testListId="8c84fa94-04c1-424b-9868-57a2d4851a1d" relativeResultsDirectory="fd8b67b7-3375-4a90-a06c-9796a9902eb3" />
    <UnitTestResult executionId="78dca00f-f913-461a-979c-0dbf28dd8e1c" testId="2a466e36-3d1f-6fd2-a2fa-b9d9cecad44a" testName="AuraCore.Tests.Module.DefaultsOptimizerTests.DefaultsOptimizer_Scan_OnNonMacOS_ReturnsBlocked" computerName="DESKTOP-GQN87MV" duration="00:00:00.0011973" startTime="2026-04-12T06:05:09.0795657+03:00" endTime="2026-04-12T06:05:09.0795657+03:00" testType="13cdc9d9-ddb5-4fa4-a97d-d965ccfc6d4b" outcome="Passed" testListId="8c84fa94-04c1-424b-9868-57a2d4851a1d" relativeResultsDirectory="78dca00f-f913-461a-979c-0dbf28dd8e1c" />
    <UnitTestResult executionId="301ac4df-9f0e-4253-a902-41956235eee1" testId="cc3944bb-cb71-0358-87f6-a96837810a92" testName="AuraCore.Tests.Module.DefaultsOptimizerTests.DefaultsOptimizer_Catalog_AllIdsUnique" computerName="DESKTOP-GQN87MV" duration="00:00:00.0009655" startTime="2026-04-12T06:05:09.0785517+03:00" endTime="2026-04-12T06:05:09.0785517+03:00" testType="13cdc9d9-ddb5-4fa4-a97d-d965ccfc6d4b" outcome="Passed" testListId="8c84fa94-04c1-424b-9868-57a2d4851a1d" relativeResultsDirectory="301ac4df-9f0e-4253-a902-41956235eee1" />
    <UnitTestResult executionId="98cffb85-0d94-4f48-ab20-f628d2332f95" testId="191ccd9c-dbb5-f023-08be-036e37129233" testName="AuraCore.Tests.Module.LaunchAgentManagerTests.LaunchAgentManager_Scan_OnNonMacOS_ReturnsBlocked" computerName="DESKTOP-GQN87MV" duration="00:00:00.0021980" startTime="2026-04-12T06:05:09.0786913+03:00" endTime="2026-04-12T06:05:09.0786913+03:00" testType="13cdc9d9-ddb5-4fa4-a97d-d965ccfc6d4b" outcome="Passed" testListId="8c84fa94-04c1-424b-9868-57a2d4851a1d" relativeResultsDirectory="98cffb85-0d94-4f48-ab20-f628d2332f95" />
    <UnitTestResult executionId="a9ed9e98-4bf9-4e65-8b8f-1a5ddb5c2722" testId="fb976641-e43a-4b24-dab2-9744b0dbaff8" testName="AuraCore.Tests.Module.DockerCleanerTests.DockerCleaner_Optimize_UnknownItem_DoesNotFail" computerName="DESKTOP-GQN87MV" duration="00:00:00.0004131" startTime="2026-04-12T06:05:09.0765070+03:00" endTime="2026-04-12T06:05:09.0765072+03:00" testType="13cdc9d9-ddb5-4fa4-a97d-d965ccfc6d4b" outcome="Passed" testListId="8c84fa94-04c1-424b-9868-57a2d4851a1d" relativeResultsDirectory="a9ed9e98-4bf9-4e65-8b8f-1a5ddb5c2722" />
    <UnitTestResult executionId="ea511176-1f85-4cce-b679-883e71bfd634" testId="806c77be-c9c7-d8f8-a1ac-92f5f5969f6d" testName="AuraCore.Tests.Module.TimeMachineManagerTests.TimeMachineManager_Scan_OnNonMacOS_ReturnsBlocked" computerName="DESKTOP-GQN87MV" duration="00:00:00.0110075" startTime="2026-04-12T06:05:09.0658627+03:00" endTime="2026-04-12T06:05:09.0658627+03:00" testType="13cdc9d9-ddb5-4fa4-a97d-d965ccfc6d4b" outcome="Passed" testListId="8c84fa94-04c1-424b-9868-57a2d4851a1d" relativeResultsDirectory="ea511176-1f85-4cce-b679-883e71bfd634" />
    <UnitTestResult executionId="3fbbc27b-7c0b-4a71-9a4d-0187e21e2131" testId="c97b3168-8694-bf28-919a-b110a96531a6" testName="AuraCore.Tests.Module.SwapOptimizerTests.SwapOptimizer_Optimize_InvalidSwappiness_Rejected" computerName="DESKTOP-GQN87MV" duration="00:00:00.0005150" startTime="2026-04-12T06:05:09.0792146+03:00" endTime="2026-04-12T06:05:09.0792146+03:00" testType="13cdc9d9-ddb5-4fa4-a97d-d965ccfc6d4b" outcome="Passed" testListId="8c84fa94-04c1-424b-9868-57a2d4851a1d" relativeResultsDirectory="3fbbc27b-7c0b-4a71-9a4d-0187e21e2131" />
    <UnitTestResult executionId="b5c29623-30db-4128-935b-adb1cc6d320a" testId="dc1ff0e4-7b99-77c1-9b02-0f9b9ca1a77d" testName="AuraCore.Tests.Module.LaunchAgentManagerTests.LaunchAgentManager_Optimize_InjectionAttempt_DoesNotCrash" computerName="DESKTOP-GQN87MV" duration="00:00:00.0006372" startTime="2026-04-12T06:05:09.0791487+03:00" endTime="2026-04-12T06:05:09.0791487+03:00" testType="13cdc9d9-ddb5-4fa4-a97d-d965ccfc6d4b" outcome="Passed" testListId="8c84fa94-04c1-424b-9868-57a2d4851a1d" relativeResultsDirectory="b5c29623-30db-4128-935b-adb1cc6d320a" />
    <UnitTestResult executionId="df0a94e7-629c-4dd3-8ff3-865b2b6f68c5" testId="ac691833-f3ee-b340-3b55-453df5fd7bca" testName="AuraCore.Tests.Module.PackageCleanerTests.PackageCleaner_Scan_OnNonLinux_ReturnsBlockedOrFailure" computerName="DESKTOP-GQN87MV" duration="00:00:00.0010096" startTime="2026-04-12T06:05:09.0794994+03:00" endTime="2026-04-12T06:05:09.0794995+03:00" testType="13cdc9d9-ddb5-4fa4-a97d-d965ccfc6d4b" outcome="Passed" testListId="8c84fa94-04c1-424b-9868-57a2d4851a1d" relativeResultsDirectory="df0a94e7-629c-4dd3-8ff3-865b2b6f68c5" />
    <UnitTestResult executionId="606f635f-5ed3-4d4b-accf-9dc4b0832d59" testId="321bfbe3-a50c-4f61-0c40-696243316e77" testName="AuraCore.Tests.Module.DefaultsOptimizerTests.DefaultsOptimizer_Catalog_Has15Tweaks" computerName="DESKTOP-GQN87MV" duration="00:00:00.0001081" startTime="2026-04-12T06:05:09.0792433+03:00" endTime="2026-04-12T06:05:09.0792433+03:00" testType="13cdc9d9-ddb5-4fa4-a97d-d965ccfc6d4b" outcome="Passed" testListId="8c84fa94-04c1-424b-9868-57a2d4851a1d" relativeResultsDirectory="606f635f-5ed3-4d4b-accf-9dc4b0832d59" />
    <UnitTestResult executionId="52756633-02cb-4bb1-97bb-5261b3112eba" testId="485e0b9a-6377-a03c-81c0-25bd6103b3b8" testName="AuraCore.Tests.Module.PackageCleanerTests.PackageCleaner_Metadata_IsValid" computerName="DESKTOP-GQN87MV" duration="00:00:00.0166324" startTime="2026-04-12T06:05:09.0783747+03:00" endTime="2026-04-12T06:05:09.0783748+03:00" testType="13cdc9d9-ddb5-4fa4-a97d-d965ccfc6d4b" outcome="Passed" testListId="8c84fa94-04c1-424b-9868-57a2d4851a1d" relativeResultsDirectory="52756633-02cb-4bb1-97bb-5261b3112eba" />
    <UnitTestResult executionId="662b7631-f11d-41f5-a886-318aea32efbd" testId="6cc76abf-c5b8-4302-2e65-6f5d0cb99886" testName="AuraCore.Tests.Module.CronManagerTests.CronManager_Metadata_IsValid" computerName="DESKTOP-GQN87MV" duration="00:00:00.0161924" startTime="2026-04-12T06:05:09.0779446+03:00" endTime="2026-04-12T06:05:09.0779446+03:00" testType="13cdc9d9-ddb5-4fa4-a97d-d965ccfc6d4b" outcome="Passed" testListId="8c84fa94-04c1-424b-9868-57a2d4851a1d" relativeResultsDirectory="662b7631-f11d-41f5-a886-318aea32efbd" />
    <UnitTestResult executionId="3fd84a5b-accd-4473-a8bf-124ee102fda3" testId="7e278215-8e33-ff19-2049-95819210cb97" testName="AuraCore.Tests.Module.AdvancedModulesTests.WakeOnLan_IsAdvanced" computerName="DESKTOP-GQN87MV" duration="00:00:00.0022301" startTime="2026-04-12T06:05:09.0802270+03:00" endTime="2026-04-12T06:05:09.0802270+03:00" testType="13cdc9d9-ddb5-4fa4-a97d-d965ccfc6d4b" outcome="Passed" testListId="8c84fa94-04c1-424b-9868-57a2d4851a1d" relativeResultsDirectory="3fd84a5b-accd-4473-a8bf-124ee102fda3" />
    <UnitTestResult executionId="63e4f448-7770-419c-ac53-265a84418e05" testId="ded62c07-6a8a-6d6d-07ac-6015fe3968e3" testName="AuraCore.Tests.Module.SystemdManagerTests.SystemdManager_Optimize_InvalidItemId_DoesNotCrash" computerName="DESKTOP-GQN87MV" duration="00:00:00.0051580" startTime="2026-04-12T06:05:09.0802450+03:00" endTime="2026-04-12T06:05:09.0802450+03:00" testType="13cdc9d9-ddb5-4fa4-a97d-d965ccfc6d4b" outcome="Passed" testListId="8c84fa94-04c1-424b-9868-57a2d4851a1d" relativeResultsDirectory="63e4f448-7770-419c-ac53-265a84418e05" />
    <UnitTestResult executionId="d071f598-6090-498e-b45f-28c25eacdeac" testId="07aa46f3-8f67-e764-7725-36ff074926ed" testName="AuraCore.Tests.Module.LinuxAppInstallerTests.LinuxAppInstaller_AllAppIds_AreUnique" computerName="DESKTOP-GQN87MV" duration="00:00:00.0041282" startTime="2026-04-12T06:05:09.0804848+03:00" endTime="2026-04-12T06:05:09.0804849+03:00" testType="13cdc9d9-ddb5-4fa4-a97d-d965ccfc6d4b" outcome="Passed" testListId="8c84fa94-04c1-424b-9868-57a2d4851a1d" relativeResultsDirectory="d071f598-6090-498e-b45f-28c25eacdeac" />
    <UnitTestResult executionId="03586e90-5103-4174-8098-05a18034cd7d" testId="abbfbd17-ff6d-d208-5853-f4087fd6d904" testName="AuraCore.Tests.Module.SpotlightManagerTests.SpotlightManager_Optimize_InjectionAttempt_Rejected" computerName="DESKTOP-GQN87MV" duration="00:00:00.0004772" startTime="2026-04-12T06:05:09.0801826+03:00" endTime="2026-04-12T06:05:09.0801827+03:00" testType="13cdc9d9-ddb5-4fa4-a97d-d965ccfc6d4b" outcome="Passed" testListId="8c84fa94-04c1-424b-9868-57a2d4851a1d" relativeResultsDirectory="03586e90-5103-4174-8098-05a18034cd7d" />
    <UnitTestResult executionId="a3bba602-8d0f-45e3-ada2-f77a9f917d03" testId="df43d144-e575-bec4-2731-2521f637d669" testName="AuraCore.Tests.Module.SwapOptimizerTests.SwapOptimizer_Scan_OnNonLinux_ReturnsBlocked" computerName="DESKTOP-GQN87MV" duration="00:00:00.0109184" startTime="2026-04-12T06:05:09.0658574+03:00" endTime="2026-04-12T06:05:09.0658574+03:00" testType="13cdc9d9-ddb5-4fa4-a97d-d965ccfc6d4b" outcome="Passed" testListId="8c84fa94-04c1-424b-9868-57a2d4851a1d" relativeResultsDirectory="a3bba602-8d0f-45e3-ada2-f77a9f917d03" />
    <UnitTestResult executionId="2db9cb9c-5a21-4892-93de-052ef01469ab" testId="acfa4927-b277-3bd9-7096-97430b5bd37f" testName="AuraCore.Tests.Module.DnsFlusherTests.DnsFlusher_Scan_OnNonMacOS_ReturnsBlocked" computerName="DESKTOP-GQN87MV" duration="00:00:00.0009451" startTime="2026-04-12T06:05:09.0804484+03:00" endTime="2026-04-12T06:05:09.0804484+03:00" testType="13cdc9d9-ddb5-4fa4-a97d-d965ccfc6d4b" outcome="Passed" testListId="8c84fa94-04c1-424b-9868-57a2d4851a1d" relativeResultsDirectory="2db9cb9c-5a21-4892-93de-052ef01469ab" />
    <UnitTestResult executionId="7e355344-d1f4-4a4c-939f-ddefb2efe802" testId="9a31be9b-13ca-1e71-c111-5ebacf379c67" testName="AuraCore.Tests.Module.BrewManagerTests.BrewManager_Optimize_WithEmptyPlan_ReturnsSuccess" computerName="DESKTOP-GQN87MV" duration="00:00:00.0020133" startTime="2026-04-12T06:05:09.0795159+03:00" endTime="2026-04-12T06:05:09.0795159+03:00" testType="13cdc9d9-ddb5-4fa4-a97d-d965ccfc6d4b" outcome="Passed" testListId="8c84fa94-04c1-424b-9868-57a2d4851a1d" relativeResultsDirectory="7e355344-d1f4-4a4c-939f-ddefb2efe802" />
    <UnitTestResult executionId="08de08c7-3ccb-458f-9e81-ce68cb8ca60c" testId="4a898d91-6e8f-256c-1dd4-9ae8964da6d4" testName="AuraCore.Tests.Module.JournalCleanerTests.JournalCleaner_Optimize_WithEmptyPlan_ReturnsSuccess" computerName="DESKTOP-GQN87MV" duration="00:00:00.0022034" startTime="2026-04-12T06:05:09.0786833+03:00" endTime="2026-04-12T06:05:09.0786834+03:00" testType="13cdc9d9-ddb5-4fa4-a97d-d965ccfc6d4b" outcome="Passed" testListId="8c84fa94-04c1-424b-9868-57a2d4851a1d" relativeResultsDirectory="08de08c7-3ccb-458f-9e81-ce68cb8ca60c" />
    <UnitTestResult executionId="85e80391-26a1-4f19-8810-b4ddfaad0f69" testId="57285862-8639-e3a4-b2e4-889243557526" testName="AuraCore.Tests.Module.LaunchAgentManagerTests.LaunchAgentManager_Optimize_WithEmptyPlan_ReturnsSuccess" computerName="DESKTOP-GQN87MV" duration="00:00:00.0097315" startTime="2026-04-12T06:05:09.0658359+03:00" endTime="2026-04-12T06:05:09.0658359+03:00" testType="13cdc9d9-ddb5-4fa4-a97d-d965ccfc6d4b" outcome="Passed" testListId="8c84fa94-04c1-424b-9868-57a2d4851a1d" relativeResultsDirectory="85e80391-26a1-4f19-8810-b4ddfaad0f69" />
    <UnitTestResult executionId="391551e7-8f34-4590-b903-7c2151de5cf6" testId="d24087fc-ee33-e42e-2267-9dda851ce515" testName="AuraCore.Tests.Module.MacAppInstallerTests.MacAppInstaller_Metadata_IsValid" computerName="DESKTOP-GQN87MV" duration="00:00:00.0019593" startTime="2026-04-12T06:05:09.0773198+03:00" endTime="2026-04-12T06:05:09.0773199+03:00" testType="13cdc9d9-ddb5-4fa4-a97d-d965ccfc6d4b" outcome="Passed" testListId="8c84fa94-04c1-424b-9868-57a2d4851a1d" relativeResultsDirectory="391551e7-8f34-4590-b903-7c2151de5cf6" />
    <UnitTestResult executionId="831e8f49-a05d-448f-8b57-35ca4f83d737" testId="76ef5fc6-6849-fe44-ca11-d6d248fb5ee5" testName="AuraCore.Tests.Module.CronManagerTests.CronManager_Scan_OnNonLinux_ReturnsBlocked" computerName="DESKTOP-GQN87MV" duration="00:00:00.0025013" startTime="2026-04-12T06:05:09.0795529+03:00" endTime="2026-04-12T06:05:09.0795529+03:00" testType="13cdc9d9-ddb5-4fa4-a97d-d965ccfc6d4b" outcome="Passed" testListId="8c84fa94-04c1-424b-9868-57a2d4851a1d" relativeResultsDirectory="831e8f49-a05d-448f-8b57-35ca4f83d737" />
    <UnitTestResult executionId="db7477c1-429f-4f49-8dd7-f475946f916c" testId="78eb6543-56c6-d56e-ebb8-806681d8f5e1" testName="AuraCore.Tests.Module.PackageCleanerTests.PackageCleaner_Optimize_WithEmptyPlan_ReturnsSuccess" computerName="DESKTOP-GQN87MV" duration="00:00:00.0022386" startTime="2026-04-12T06:05:09.0789672+03:00" endTime="2026-04-12T06:05:09.0789673+03:00" testType="13cdc9d9-ddb5-4fa4-a97d-d965ccfc6d4b" outcome="Passed" testListId="8c84fa94-04c1-424b-9868-57a2d4851a1d" relativeResultsDirectory="db7477c1-429f-4f49-8dd7-f475946f916c" />
    <UnitTestResult executionId="5bd30ae0-77ec-480b-b355-91b7ce6dea2b" testId="81c839db-b9e8-b7dc-540d-665c440b1acc" testName="AuraCore.Tests.Module.LinuxAppInstallerTests.LinuxAppInstaller_Metadata_IsValid" computerName="DESKTOP-GQN87MV" duration="00:00:00.0001418" startTime="2026-04-12T06:05:09.0808058+03:00" endTime="2026-04-12T06:05:09.0808059+03:00" testType="13cdc9d9-ddb5-4fa4-a97d-d965ccfc6d4b" outcome="Passed" testListId="8c84fa94-04c1-424b-9868-57a2d4851a1d" relativeResultsDirectory="5bd30ae0-77ec-480b-b355-91b7ce6dea2b" />
    <UnitTestResult executionId="d7bc9c7b-77ab-48f0-9534-ff6c5155386e" testId="7e29433a-da0b-4fd0-3d3a-81d4e184f3cf" testName="AuraCore.Tests.Module.DockerCleanerTests.DockerCleaner_Optimize_WithEmptyPlan_ReturnsSuccess" computerName="DESKTOP-GQN87MV" duration="00:00:00.0100809" startTime="2026-04-12T06:05:09.0656599+03:00" endTime="2026-04-12T06:05:09.0656601+03:00" testType="13cdc9d9-ddb5-4fa4-a97d-d965ccfc6d4b" outcome="Passed" testListId="8c84fa94-04c1-424b-9868-57a2d4851a1d" relativeResultsDirectory="d7bc9c7b-77ab-48f0-9534-ff6c5155386e" />
    <UnitTestResult executionId="bf19d726-69f4-4765-b731-d98ec6178b33" testId="7efc4aef-1688-1484-d6fb-c796c72c353b" testName="AuraCore.Tests.Module.LinuxAppInstallerTests.LinuxAppInstaller_Optimize_InvalidItemId_NoCrash" computerName="DESKTOP-GQN87MV" duration="00:00:00.0030861" startTime="2026-04-12T06:05:09.0796098+03:00" endTime="2026-04-12T06:05:09.0796098+03:00" testType="13cdc9d9-ddb5-4fa4-a97d-d965ccfc6d4b" outcome="Passed" testListId="8c84fa94-04c1-424b-9868-57a2d4851a1d" relativeResultsDirectory="bf19d726-69f4-4765-b731-d98ec6178b33" />
    <UnitTestResult executionId="5cf4057f-f05b-45fb-b48a-f9813530395c" testId="cbb65f01-613d-4d17-2edd-9d4c4ffd5f92" testName="AuraCore.Tests.Module.SymlinkManagerTests.SymlinkManager_Metadata_IsValid" computerName="DESKTOP-GQN87MV" duration="00:00:00.0025688" startTime="2026-04-12T06:05:09.0773140+03:00" endTime="2026-04-12T06:05:09.0773140+03:00" testType="13cdc9d9-ddb5-4fa4-a97d-d965ccfc6d4b" outcome="Passed" testListId="8c84fa94-04c1-424b-9868-57a2d4851a1d" relativeResultsDirectory="5cf4057f-f05b-45fb-b48a-f9813530395c" />
    <UnitTestResult executionId="7294300c-b863-415f-9773-5aeb77859611" testId="ff2c2c1f-f138-6b3a-b604-f2c369f5c35b" testName="AuraCore.Tests.Module.KernelCleanerTests.KernelCleaner_Metadata_IsValid" computerName="DESKTOP-GQN87MV" duration="00:00:00.0163058" startTime="2026-04-12T06:05:09.0780353+03:00" endTime="2026-04-12T06:05:09.0780354+03:00" testType="13cdc9d9-ddb5-4fa4-a97d-d965ccfc6d4b" outcome="Passed" testListId="8c84fa94-04c1-424b-9868-57a2d4851a1d" relativeResultsDirectory="7294300c-b863-415f-9773-5aeb77859611" />
    <UnitTestResult executionId="038d836d-f66f-45e7-a818-4acd1c9bb2dc" testId="2e08d9af-1658-9569-8c31-04f0b70386a1" testName="AuraCore.Tests.Module.LinuxAppInstallerTests.LinuxAppInstaller_Scan_OnNonLinux_ReturnsBlocked" computerName="DESKTOP-GQN87MV" duration="00:00:00.0009393" startTime="2026-04-12T06:05:09.0805952+03:00" endTime="2026-04-12T06:05:09.0805952+03:00" testType="13cdc9d9-ddb5-4fa4-a97d-d965ccfc6d4b" outcome="Passed" testListId="8c84fa94-04c1-424b-9868-57a2d4851a1d" relativeResultsDirectory="038d836d-f66f-45e7-a818-4acd1c9bb2dc" />
    <UnitTestResult executionId="228e84af-253e-4493-93af-5671cbae4fcb" testId="79139037-4a75-fb0f-c7d5-f279012e5b1e" testName="AuraCore.Tests.Module.TimeMachineManagerTests.TimeMachineManager_Metadata_IsValid" computerName="DESKTOP-GQN87MV" duration="00:00:00.0020137" startTime="2026-04-12T06:05:09.0783284+03:00" endTime="2026-04-12T06:05:09.0783285+03:00" testType="13cdc9d9-ddb5-4fa4-a97d-d965ccfc6d4b" outcome="Passed" testListId="8c84fa94-04c1-424b-9868-57a2d4851a1d" relativeResultsDirectory="228e84af-253e-4493-93af-5671cbae4fcb" />
    <UnitTestResult executionId="25ddae43-3ff2-446c-9b3b-d48cea23ca11" testId="2196185b-8e26-989c-df70-754fdaf26636" testName="AuraCore.Tests.Module.MacAppInstallerTests.MacAppInstaller_Scan_OnNonMac_ReturnsBlocked" computerName="DESKTOP-GQN87MV" duration="00:00:00.0015489" startTime="2026-04-12T06:05:09.0802664+03:00" endTime="2026-04-12T06:05:09.0802664+03:00" testType="13cdc9d9-ddb5-4fa4-a97d-d965ccfc6d4b" outcome="Passed" testListId="8c84fa94-04c1-424b-9868-57a2d4851a1d" relativeResultsDirectory="25ddae43-3ff2-446c-9b3b-d48cea23ca11" />
    <UnitTestResult executionId="5d1daf07-2ca7-4372-9812-b8bbbfbe9eb3" testId="0b03e93b-6922-d4ac-b0e1-e1e6ced350a6" testName="AuraCore.Tests.Module.TimeMachineManagerTests.TimeMachineManager_Optimize_InjectionAttempt_Rejected" computerName="DESKTOP-GQN87MV" duration="00:00:00.0017974" startTime="2026-04-12T06:05:09.0786274+03:00" endTime="2026-04-12T06:05:09.0786275+03:00" testType="13cdc9d9-ddb5-4fa4-a97d-d965ccfc6d4b" outcome="Passed" testListId="8c84fa94-04c1-424b-9868-57a2d4851a1d" relativeResultsDirectory="5d1daf07-2ca7-4372-9812-b8bbbfbe9eb3" />
    <UnitTestResult executionId="406310c6-81f4-4111-b706-d483dcc1331c" testId="a07f5b2c-e877-f013-4108-7f251f438c7b" testName="AuraCore.Tests.Module.LaunchAgentManagerTests.LaunchAgentManager_Metadata_IsValid" computerName="DESKTOP-GQN87MV" duration="00:00:00.0041579" startTime="2026-04-12T06:05:09.0779977+03:00" endTime="2026-04-12T06:05:09.0779978+03:00" testType="13cdc9d9-ddb5-4fa4-a97d-d965ccfc6d4b" outcome="Passed" testListId="8c84fa94-04c1-424b-9868-57a2d4851a1d" relativeResultsDirectory="406310c6-81f4-4111-b706-d483dcc1331c" />
    <UnitTestResult executionId="d03cf40d-5795-4c86-9e3d-f3438e5d1cb5" testId="3fbec3fb-3faa-7165-be0f-55db6637a6f2" testName="AuraCore.Tests.Module.KernelCleanerTests.KernelCleaner_Scan_OnNonLinux_ReturnsBlockedOrFailure" computerName="DESKTOP-GQN87MV" duration="00:00:00.0018441" startTime="2026-04-12T06:05:09.0795312+03:00" endTime="2026-04-12T06:05:09.0795313+03:00" testType="13cdc9d9-ddb5-4fa4-a97d-d965ccfc6d4b" outcome="Passed" testListId="8c84fa94-04c1-424b-9868-57a2d4851a1d" relativeResultsDirectory="d03cf40d-5795-4c86-9e3d-f3438e5d1cb5" />
    <UnitTestResult executionId="6b09216c-be4a-43c4-8cd5-a12a046654cf" testId="5dab460b-56e6-c289-cfcd-a1243de0ee90" testName="AuraCore.Tests.Module.DockerCleanerTests.DockerCleaner_Scan_OnWindows_ReturnsBlocked" computerName="DESKTOP-GQN87MV" duration="00:00:00.0028474" startTime="2026-04-12T06:05:09.0772816+03:00" endTime="2026-04-12T06:05:09.0772817+03:00" testType="13cdc9d9-ddb5-4fa4-a97d-d965ccfc6d4b" outcome="Passed" testListId="8c84fa94-04c1-424b-9868-57a2d4851a1d" relativeResultsDirectory="6b09216c-be4a-43c4-8cd5-a12a046654cf" />
  </Results>
  <TestDefinitions>
    <UnitTest name="AuraCore.Tests.Module.ModuleContractTests.JunkCleaner_Scan" storage="c:\users\admin\desktop\auracorepro\auracorepro\tests\auracore.tests.module\bin\debug\net8.0\auracore.tests.module.dll" id="9cec2f29-75eb-3459-a6b0-38ce6dcc0cdc">
      <Execution id="6a931951-140d-4cd2-b3b2-61388def0d2d" />
      <TestMethod codeBase="C:\Users\Admin\Desktop\AuraCorePro\AuraCorePro\tests\AuraCore.Tests.Module\bin\Debug\net8.0\AuraCore.Tests.Module.dll" adapterTypeName="executor://xunit/VsTestRunner2/netcoreapp" className="AuraCore.Tests.Module.ModuleContractTests" name="JunkCleaner_Scan" />
    </UnitTest>
    <UnitTest name="AuraCore.Tests.Module.DockerCleanerTests.DockerCleaner_Optimize_UnknownItem_DoesNotFail" storage="c:\users\admin\desktop\auracorepro\auracorepro\tests\auracore.tests.module\bin\debug\net8.0\auracore.tests.module.dll" id="fb976641-e43a-4b24-dab2-9744b0dbaff8">
      <Execution id="a9ed9e98-4bf9-4e65-8b8f-1a5ddb5c2722" />
      <TestMethod codeBase="C:\Users\Admin\Desktop\AuraCorePro\AuraCorePro\tests\AuraCore.Tests.Module\bin\Debug\net8.0\AuraCore.Tests.Module.dll" adapterTypeName="executor://xunit/VsTestRunner2/netcoreapp" className="AuraCore.Tests.Module.DockerCleanerTests" name="DockerCleaner_Optimize_UnknownItem_DoesNotFail" />
    </UnitTest>
    <UnitTest name="AuraCore.Tests.Module.AdvancedModulesTests.WakeOnLan_IsAdvanced" storage="c:\users\admin\desktop\auracorepro\auracorepro\tests\auracore.tests.module\bin\debug\net8.0\auracore.tests.module.dll" id="7e278215-8e33-ff19-2049-95819210cb97">
      <Execution id="3fd84a5b-accd-4473-a8bf-124ee102fda3" />
      <TestMethod codeBase="C:\Users\Admin\Desktop\AuraCorePro\AuraCorePro\tests\AuraCore.Tests.Module\bin\Debug\net8.0\AuraCore.Tests.Module.dll" adapterTypeName="executor://xunit/VsTestRunner2/netcoreapp" className="AuraCore.Tests.Module.AdvancedModulesTests" name="WakeOnLan_IsAdvanced" />
    </UnitTest>
    <UnitTest name="AuraCore.Tests.Module.DefaultsOptimizerTests.DefaultsOptimizer_Catalog_Has15Tweaks" storage="c:\users\admin\desktop\auracorepro\auracorepro\tests\auracore.tests.module\bin\debug\net8.0\auracore.tests.module.dll" id="321bfbe3-a50c-4f61-0c40-696243316e77">
      <Execution id="606f635f-5ed3-4d4b-accf-9dc4b0832d59" />
      <TestMethod codeBase="C:\Users\Admin\Desktop\AuraCorePro\AuraCorePro\tests\AuraCore.Tests.Module\bin\Debug\net8.0\AuraCore.Tests.Module.dll" adapterTypeName="executor://xunit/VsTestRunner2/netcoreapp" className="AuraCore.Tests.Module.DefaultsOptimizerTests" name="DefaultsOptimizer_Catalog_Has15Tweaks" />
    </UnitTest>
    <UnitTest name="AuraCore.Tests.Module.PackageCleanerTests.PackageCleaner_Metadata_IsValid" storage="c:\users\admin\desktop\auracorepro\auracorepro\tests\auracore.tests.module\bin\debug\net8.0\auracore.tests.module.dll" id="485e0b9a-6377-a03c-81c0-25bd6103b3b8">
      <Execution id="52756633-02cb-4bb1-97bb-5261b3112eba" />
      <TestMethod codeBase="C:\Users\Admin\Desktop\AuraCorePro\AuraCorePro\tests\AuraCore.Tests.Module\bin\Debug\net8.0\AuraCore.Tests.Module.dll" adapterTypeName="executor://xunit/VsTestRunner2/netcoreapp" className="AuraCore.Tests.Module.PackageCleanerTests" name="PackageCleaner_Metadata_IsValid" />
    </UnitTest>
    <UnitTest name="AuraCore.Tests.Module.TimeMachineManagerTests.TimeMachineManager_Optimize_WithEmptyPlan_ReturnsSuccess" storage="c:\users\admin\desktop\auracorepro\auracorepro\tests\auracore.tests.module\bin\debug\net8.0\auracore.tests.module.dll" id="6d214225-511a-62f1-ba97-f3cff0aefaee">
      <Execution id="0ae6ff60-d29d-444b-a45a-b5e00c68a1ea" />
      <TestMethod codeBase="C:\Users\Admin\Desktop\AuraCorePro\AuraCorePro\tests\AuraCore.Tests.Module\bin\Debug\net8.0\AuraCore.Tests.Module.dll" adapterTypeName="executor://xunit/VsTestRunner2/netcoreapp" className="AuraCore.Tests.Module.TimeMachineManagerTests" name="TimeMachineManager_Optimize_WithEmptyPlan_ReturnsSuccess" />
    </UnitTest>
    <UnitTest name="AuraCore.Tests.Module.KernelCleanerTests.KernelCleaner_Scan_OnNonLinux_ReturnsBlockedOrFailure" storage="c:\users\admin\desktop\auracorepro\auracorepro\tests\auracore.tests.module\bin\debug\net8.0\auracore.tests.module.dll" id="3fbec3fb-3faa-7165-be0f-55db6637a6f2">
      <Execution id="d03cf40d-5795-4c86-9e3d-f3438e5d1cb5" />
      <TestMethod codeBase="C:\Users\Admin\Desktop\AuraCorePro\AuraCorePro\tests\AuraCore.Tests.Module\bin\Debug\net8.0\AuraCore.Tests.Module.dll" adapterTypeName="executor://xunit/VsTestRunner2/netcoreapp" className="AuraCore.Tests.Module.KernelCleanerTests" name="KernelCleaner_Scan_OnNonLinux_ReturnsBlockedOrFailure" />
    </UnitTest>
    <UnitTest name="AuraCore.Tests.Module.DnsFlusherTests.DnsFlusher_Optimize_WithEmptyPlan_ReturnsSuccess" storage="c:\users\admin\desktop\auracorepro\auracorepro\tests\auracore.tests.module\bin\debug\net8.0\auracore.tests.module.dll" id="84fe30d9-5b03-ee81-1665-01ffbf40a5e2">
      <Execution id="4ed5c055-aacf-481d-b811-2d846c78332f" />
      <TestMethod codeBase="C:\Users\Admin\Desktop\AuraCorePro\AuraCorePro\tests\AuraCore.Tests.Module\bin\Debug\net8.0\AuraCore.Tests.Module.dll" adapterTypeName="executor://xunit/VsTestRunner2/netcoreapp" className="AuraCore.Tests.Module.DnsFlusherTests" name="DnsFlusher_Optimize_WithEmptyPlan_ReturnsSuccess" />
    </UnitTest>
    <UnitTest name="AuraCore.Tests.Module.DefaultsOptimizerTests.DefaultsOptimizer_Catalog_AllIdsUnique" storage="c:\users\admin\desktop\auracorepro\auracorepro\tests\auracore.tests.module\bin\debug\net8.0\auracore.tests.module.dll" id="cc3944bb-cb71-0358-87f6-a96837810a92">
      <Execution id="301ac4df-9f0e-4253-a902-41956235eee1" />
      <TestMethod codeBase="C:\Users\Admin\Desktop\AuraCorePro\AuraCorePro\tests\AuraCore.Tests.Module\bin\Debug\net8.0\AuraCore.Tests.Module.dll" adapterTypeName="executor://xunit/VsTestRunner2/netcoreapp" className="AuraCore.Tests.Module.DefaultsOptimizerTests" name="DefaultsOptimizer_Catalog_AllIdsUnique" />
    </UnitTest>
    <UnitTest name="AuraCore.Tests.Module.LinuxAppInstallerTests.LinuxAppInstaller_Bundles_Has10Categories" storage="c:\users\admin\desktop\auracorepro\auracorepro\tests\auracore.tests.module\bin\debug\net8.0\auracore.tests.module.dll" id="92731b59-ec0d-9c4c-5a63-d20caad5ef4e">
      <Execution id="a77a2755-569b-4baa-a823-332e9dae89bc" />
      <TestMethod codeBase="C:\Users\Admin\Desktop\AuraCorePro\AuraCorePro\tests\AuraCore.Tests.Module\bin\Debug\net8.0\AuraCore.Tests.Module.dll" adapterTypeName="executor://xunit/VsTestRunner2/netcoreapp" className="AuraCore.Tests.Module.LinuxAppInstallerTests" name="LinuxAppInstaller_Bundles_Has10Categories" />
    </UnitTest>
    <UnitTest name="AuraCore.Tests.Module.MacAppInstallerTests.MacAppInstaller_Bundles_Has10Categories" storage="c:\users\admin\desktop\auracorepro\auracorepro\tests\auracore.tests.module\bin\debug\net8.0\auracore.tests.module.dll" id="4bd40f88-2bf7-bc7b-6614-a78f50e7d2c9">
      <Execution id="35d1eda2-af99-4ece-8d07-6d3828d3b42f" />
      <TestMethod codeBase="C:\Users\Admin\Desktop\AuraCorePro\AuraCorePro\tests\AuraCore.Tests.Module\bin\Debug\net8.0\AuraCore.Tests.Module.dll" adapterTypeName="executor://xunit/VsTestRunner2/netcoreapp" className="AuraCore.Tests.Module.MacAppInstallerTests" name="MacAppInstaller_Bundles_Has10Categories" />
    </UnitTest>
    <UnitTest name="AuraCore.Tests.Module.IsAdvancedTests.DefaultModule_IsNotAdvanced" storage="c:\users\admin\desktop\auracorepro\auracorepro\tests\auracore.tests.module\bin\debug\net8.0\auracore.tests.module.dll" id="74384b81-19d6-96d9-c9f9-d2d2d47c6bc1">
      <Execution id="0b96829f-58e0-44a9-b73f-192089916d3d" />
      <TestMethod codeBase="C:\Users\Admin\Desktop\AuraCorePro\AuraCorePro\tests\AuraCore.Tests.Module\bin\Debug\net8.0\AuraCore.Tests.Module.dll" adapterTypeName="executor://xunit/VsTestRunner2/netcoreapp" className="AuraCore.Tests.Module.IsAdvancedTests" name="DefaultModule_IsNotAdvanced" />
    </UnitTest>
    <UnitTest name="AuraCore.Tests.Module.CronManagerTests.CronManager_Metadata_IsValid" storage="c:\users\admin\desktop\auracorepro\auracorepro\tests\auracore.tests.module\bin\debug\net8.0\auracore.tests.module.dll" id="6cc76abf-c5b8-4302-2e65-6f5d0cb99886">
      <Execution id="662b7631-f11d-41f5-a886-318aea32efbd" />
      <TestMethod codeBase="C:\Users\Admin\Desktop\AuraCorePro\AuraCorePro\tests\AuraCore.Tests.Module\bin\Debug\net8.0\AuraCore.Tests.Module.dll" adapterTypeName="executor://xunit/VsTestRunner2/netcoreapp" className="AuraCore.Tests.Module.CronManagerTests" name="CronManager_Metadata_IsValid" />
    </UnitTest>
    <UnitTest name="AuraCore.Tests.Module.KernelCleanerTests.KernelCleaner_Optimize_WithEmptyPlan_ReturnsSuccess" storage="c:\users\admin\desktop\auracorepro\auracorepro\tests\auracore.tests.module\bin\debug\net8.0\auracore.tests.module.dll" id="f93ff16e-61f5-4d93-e2e1-cf6f8c2c6282">
      <Execution id="fd8b67b7-3375-4a90-a06c-9796a9902eb3" />
      <TestMethod codeBase="C:\Users\Admin\Desktop\AuraCorePro\AuraCorePro\tests\AuraCore.Tests.Module\bin\Debug\net8.0\AuraCore.Tests.Module.dll" adapterTypeName="executor://xunit/VsTestRunner2/netcoreapp" className="AuraCore.Tests.Module.KernelCleanerTests" name="KernelCleaner_Optimize_WithEmptyPlan_ReturnsSuccess" />
    </UnitTest>
    <UnitTest name="AuraCore.Tests.Module.DnsFlusherTests.DnsFlusher_Metadata_IsValid" storage="c:\users\admin\desktop\auracorepro\auracorepro\tests\auracore.tests.module\bin\debug\net8.0\auracore.tests.module.dll" id="c99883ff-f5b0-cce9-c384-355e0051d641">
      <Execution id="f82351c4-818b-49a4-bcd0-0d03d939408c" />
      <TestMethod codeBase="C:\Users\Admin\Desktop\AuraCorePro\AuraCorePro\tests\AuraCore.Tests.Module\bin\Debug\net8.0\AuraCore.Tests.Module.dll" adapterTypeName="executor://xunit/VsTestRunner2/netcoreapp" className="AuraCore.Tests.Module.DnsFlusherTests" name="DnsFlusher_Metadata_IsValid" />
    </UnitTest>
    <UnitTest name="AuraCore.Tests.Module.SpotlightManagerTests.SpotlightManager_Scan_OnNonMacOS_ReturnsBlocked" storage="c:\users\admin\desktop\auracorepro\auracorepro\tests\auracore.tests.module\bin\debug\net8.0\auracore.tests.module.dll" id="30589377-2415-def8-3eb4-39ed237e43aa">
      <Execution id="6c8f1288-e854-476e-b227-144aa1243632" />
      <TestMethod codeBase="C:\Users\Admin\Desktop\AuraCorePro\AuraCorePro\tests\AuraCore.Tests.Module\bin\Debug\net8.0\AuraCore.Tests.Module.dll" adapterTypeName="executor://xunit/VsTestRunner2/netcoreapp" className="AuraCore.Tests.Module.SpotlightManagerTests" name="SpotlightManager_Scan_OnNonMacOS_ReturnsBlocked" />
    </UnitTest>
    <UnitTest name="AuraCore.Tests.Module.PackageCleanerTests.PackageCleaner_Scan_OnNonLinux_ReturnsBlockedOrFailure" storage="c:\users\admin\desktop\auracorepro\auracorepro\tests\auracore.tests.module\bin\debug\net8.0\auracore.tests.module.dll" id="ac691833-f3ee-b340-3b55-453df5fd7bca">
      <Execution id="df0a94e7-629c-4dd3-8ff3-865b2b6f68c5" />
      <TestMethod codeBase="C:\Users\Admin\Desktop\AuraCorePro\AuraCorePro\tests\AuraCore.Tests.Module\bin\Debug\net8.0\AuraCore.Tests.Module.dll" adapterTypeName="executor://xunit/VsTestRunner2/netcoreapp" className="AuraCore.Tests.Module.PackageCleanerTests" name="PackageCleaner_Scan_OnNonLinux_ReturnsBlockedOrFailure" />
    </UnitTest>
    <UnitTest name="AuraCore.Tests.Module.AdvancedModulesTests.FontManager_IsAdvanced" storage="c:\users\admin\desktop\auracorepro\auracorepro\tests\auracore.tests.module\bin\debug\net8.0\auracore.tests.module.dll" id="b584a82e-810f-4b21-a9d7-eb2735a3d126">
      <Execution id="df8329f9-5642-40c6-99ae-7a246caa4516" />
      <TestMethod codeBase="C:\Users\Admin\Desktop\AuraCorePro\AuraCorePro\tests\AuraCore.Tests.Module\bin\Debug\net8.0\AuraCore.Tests.Module.dll" adapterTypeName="executor://xunit/VsTestRunner2/netcoreapp" className="AuraCore.Tests.Module.AdvancedModulesTests" name="FontManager_IsAdvanced" />
    </UnitTest>
    <UnitTest name="AuraCore.Tests.Module.PackageCleanerTests.PackageCleaner_Optimize_WithEmptyPlan_ReturnsSuccess" storage="c:\users\admin\desktop\auracorepro\auracorepro\tests\auracore.tests.module\bin\debug\net8.0\auracore.tests.module.dll" id="78eb6543-56c6-d56e-ebb8-806681d8f5e1">
      <Execution id="db7477c1-429f-4f49-8dd7-f475946f916c" />
      <TestMethod codeBase="C:\Users\Admin\Desktop\AuraCorePro\AuraCorePro\tests\AuraCore.Tests.Module\bin\Debug\net8.0\AuraCore.Tests.Module.dll" adapterTypeName="executor://xunit/VsTestRunner2/netcoreapp" className="AuraCore.Tests.Module.PackageCleanerTests" name="PackageCleaner_Optimize_WithEmptyPlan_ReturnsSuccess" />
    </UnitTest>
    <UnitTest name="AuraCore.Tests.Module.SwapOptimizerTests.SwapOptimizer_Optimize_InvalidSwappiness_Rejected" storage="c:\users\admin\desktop\auracorepro\auracorepro\tests\auracore.tests.module\bin\debug\net8.0\auracore.tests.module.dll" id="c97b3168-8694-bf28-919a-b110a96531a6">
      <Execution id="3fbbc27b-7c0b-4a71-9a4d-0187e21e2131" />
      <TestMethod codeBase="C:\Users\Admin\Desktop\AuraCorePro\AuraCorePro\tests\AuraCore.Tests.Module\bin\Debug\net8.0\AuraCore.Tests.Module.dll" adapterTypeName="executor://xunit/VsTestRunner2/netcoreapp" className="AuraCore.Tests.Module.SwapOptimizerTests" name="SwapOptimizer_Optimize_InvalidSwappiness_Rejected" />
    </UnitTest>
    <UnitTest name="AuraCore.Tests.Module.PurgeableSpaceManagerTests.PurgeableSpaceManager_Metadata_IsValid" storage="c:\users\admin\desktop\auracorepro\auracorepro\tests\auracore.tests.module\bin\debug\net8.0\auracore.tests.module.dll" id="002ad71c-b0ea-6b26-cda7-ad2db645d4e4">
      <Execution id="e04f8d2b-2f07-4174-9e26-39cbe1062571" />
      <TestMethod codeBase="C:\Users\Admin\Desktop\AuraCorePro\AuraCorePro\tests\AuraCore.Tests.Module\bin\Debug\net8.0\AuraCore.Tests.Module.dll" adapterTypeName="executor://xunit/VsTestRunner2/netcoreapp" className="AuraCore.Tests.Module.PurgeableSpaceManagerTests" name="PurgeableSpaceManager_Metadata_IsValid" />
    </UnitTest>
    <UnitTest name="AuraCore.Tests.Module.LaunchAgentManagerTests.LaunchAgentManager_Metadata_IsValid" storage="c:\users\admin\desktop\auracorepro\auracorepro\tests\auracore.tests.module\bin\debug\net8.0\auracore.tests.module.dll" id="a07f5b2c-e877-f013-4108-7f251f438c7b">
      <Execution id="406310c6-81f4-4111-b706-d483dcc1331c" />
      <TestMethod codeBase="C:\Users\Admin\Desktop\AuraCorePro\AuraCorePro\tests\AuraCore.Tests.Module\bin\Debug\net8.0\AuraCore.Tests.Module.dll" adapterTypeName="executor://xunit/VsTestRunner2/netcoreapp" className="AuraCore.Tests.Module.LaunchAgentManagerTests" name="LaunchAgentManager_Metadata_IsValid" />
    </UnitTest>
    <UnitTest name="AuraCore.Tests.Module.LinuxAppInstallerTests.LinuxAppInstaller_AllAppIds_AreUnique" storage="c:\users\admin\desktop\auracorepro\auracorepro\tests\auracore.tests.module\bin\debug\net8.0\auracore.tests.module.dll" id="07aa46f3-8f67-e764-7725-36ff074926ed">
      <Execution id="d071f598-6090-498e-b45f-28c25eacdeac" />
      <TestMethod codeBase="C:\Users\Admin\Desktop\AuraCorePro\AuraCorePro\tests\AuraCore.Tests.Module\bin\Debug\net8.0\AuraCore.Tests.Module.dll" adapterTypeName="executor://xunit/VsTestRunner2/netcoreapp" className="AuraCore.Tests.Module.LinuxAppInstallerTests" name="LinuxAppInstaller_AllAppIds_AreUnique" />
    </UnitTest>
    <UnitTest name="AuraCore.Tests.Module.SwapOptimizerTests.SwapOptimizer_Optimize_WithEmptyPlan_ReturnsSuccess" storage="c:\users\admin\desktop\auracorepro\auracorepro\tests\auracore.tests.module\bin\debug\net8.0\auracore.tests.module.dll" id="40537617-a2ba-0ff9-86c9-335e3e41fc0f">
      <Execution id="d4e5aab0-8e57-4495-bdfd-74522bff4429" />
      <TestMethod codeBase="C:\Users\Admin\Desktop\AuraCorePro\AuraCorePro\tests\AuraCore.Tests.Module\bin\Debug\net8.0\AuraCore.Tests.Module.dll" adapterTypeName="executor://xunit/VsTestRunner2/netcoreapp" className="AuraCore.Tests.Module.SwapOptimizerTests" name="SwapOptimizer_Optimize_WithEmptyPlan_ReturnsSuccess" />
    </UnitTest>
    <UnitTest name="AuraCore.Tests.Module.SpotlightManagerTests.SpotlightManager_Metadata_IsValid" storage="c:\users\admin\desktop\auracorepro\auracorepro\tests\auracore.tests.module\bin\debug\net8.0\auracore.tests.module.dll" id="520532de-6fd6-8d6f-473d-3762d2c85b76">
      <Execution id="2ebb6a59-fee1-42c2-81d7-63c9de29ce18" />
      <TestMethod codeBase="C:\Users\Admin\Desktop\AuraCorePro\AuraCorePro\tests\AuraCore.Tests.Module\bin\Debug\net8.0\AuraCore.Tests.Module.dll" adapterTypeName="executor://xunit/VsTestRunner2/netcoreapp" className="AuraCore.Tests.Module.SpotlightManagerTests" name="SpotlightManager_Metadata_IsValid" />
    </UnitTest>
    <UnitTest name="AuraCore.Tests.Module.MacAppInstallerTests.MacAppInstaller_AllAppIds_AreUnique" storage="c:\users\admin\desktop\auracorepro\auracorepro\tests\auracore.tests.module\bin\debug\net8.0\auracore.tests.module.dll" id="65d94bce-8150-901c-29ff-c8e7c4bcd13a">
      <Execution id="17dfd070-a711-47bc-8aec-86710c3af598" />
      <TestMethod codeBase="C:\Users\Admin\Desktop\AuraCorePro\AuraCorePro\tests\AuraCore.Tests.Module\bin\Debug\net8.0\AuraCore.Tests.Module.dll" adapterTypeName="executor://xunit/VsTestRunner2/netcoreapp" className="AuraCore.Tests.Module.MacAppInstallerTests" name="MacAppInstaller_AllAppIds_AreUnique" />
    </UnitTest>
    <UnitTest name="AuraCore.Tests.Module.LaunchAgentManagerTests.LaunchAgentManager_Scan_OnNonMacOS_ReturnsBlocked" storage="c:\users\admin\desktop\auracorepro\auracorepro\tests\auracore.tests.module\bin\debug\net8.0\auracore.tests.module.dll" id="191ccd9c-dbb5-f023-08be-036e37129233">
      <Execution id="98cffb85-0d94-4f48-ab20-f628d2332f95" />
      <TestMethod codeBase="C:\Users\Admin\Desktop\AuraCorePro\AuraCorePro\tests\AuraCore.Tests.Module\bin\Debug\net8.0\AuraCore.Tests.Module.dll" adapterTypeName="executor://xunit/VsTestRunner2/netcoreapp" className="AuraCore.Tests.Module.LaunchAgentManagerTests" name="LaunchAgentManager_Scan_OnNonMacOS_ReturnsBlocked" />
    </UnitTest>
    <UnitTest name="AuraCore.Tests.Module.PurgeableSpaceManagerTests.PurgeableSpaceManager_Scan_OnNonMacOS_ReturnsBlocked" storage="c:\users\admin\desktop\auracorepro\auracorepro\tests\auracore.tests.module\bin\debug\net8.0\auracore.tests.module.dll" id="c8322b91-f737-4f52-27a1-fadbae65e110">
      <Execution id="c4ae3f68-e77e-484d-92f8-3281547a2dc5" />
      <TestMethod codeBase="C:\Users\Admin\Desktop\AuraCorePro\AuraCorePro\tests\AuraCore.Tests.Module\bin\Debug\net8.0\AuraCore.Tests.Module.dll" adapterTypeName="executor://xunit/VsTestRunner2/netcoreapp" className="AuraCore.Tests.Module.PurgeableSpaceManagerTests" name="PurgeableSpaceManager_Scan_OnNonMacOS_ReturnsBlocked" />
    </UnitTest>
    <UnitTest name="AuraCore.Tests.Module.MacAppInstallerTests.MacAppInstaller_Metadata_IsValid" storage="c:\users\admin\desktop\auracorepro\auracorepro\tests\auracore.tests.module\bin\debug\net8.0\auracore.tests.module.dll" id="d24087fc-ee33-e42e-2267-9dda851ce515">
      <Execution id="391551e7-8f34-4590-b903-7c2151de5cf6" />
      <TestMethod codeBase="C:\Users\Admin\Desktop\AuraCorePro\AuraCorePro\tests\AuraCore.Tests.Module\bin\Debug\net8.0\AuraCore.Tests.Module.dll" adapterTypeName="executor://xunit/VsTestRunner2/netcoreapp" className="AuraCore.Tests.Module.MacAppInstallerTests" name="MacAppInstaller_Metadata_IsValid" />
    </UnitTest>
    <UnitTest name="AuraCore.Tests.Module.DockerCleanerTests.DockerCleaner_Scan_OnWindows_ReturnsBlocked" storage="c:\users\admin\desktop\auracorepro\auracorepro\tests\auracore.tests.module\bin\debug\net8.0\auracore.tests.module.dll" id="5dab460b-56e6-c289-cfcd-a1243de0ee90">
      <Execution id="6b09216c-be4a-43c4-8cd5-a12a046654cf" />
      <TestMethod codeBase="C:\Users\Admin\Desktop\AuraCorePro\AuraCorePro\tests\AuraCore.Tests.Module\bin\Debug\net8.0\AuraCore.Tests.Module.dll" adapterTypeName="executor://xunit/VsTestRunner2/netcoreapp" className="AuraCore.Tests.Module.DockerCleanerTests" name="DockerCleaner_Scan_OnWindows_ReturnsBlocked" />
    </UnitTest>
    <UnitTest name="AuraCore.Tests.Module.LinuxAppInstallerTests.LinuxAppInstaller_Bundles_HasAtLeast130Apps" storage="c:\users\admin\desktop\auracorepro\auracorepro\tests\auracore.tests.module\bin\debug\net8.0\auracore.tests.module.dll" id="f1acdb02-613c-b3ca-1172-187de5d350dd">
      <Execution id="a66384e0-75b1-436a-b851-389ecf492bb6" />
      <TestMethod codeBase="C:\Users\Admin\Desktop\AuraCorePro\AuraCorePro\tests\AuraCore.Tests.Module\bin\Debug\net8.0\AuraCore.Tests.Module.dll" adapterTypeName="executor://xunit/VsTestRunner2/netcoreapp" className="AuraCore.Tests.Module.LinuxAppInstallerTests" name="LinuxAppInstaller_Bundles_HasAtLeast130Apps" />
    </UnitTest>
    <UnitTest name="AuraCore.Tests.Module.DockerCleanerTests.DockerCleaner_Optimize_WithEmptyPlan_ReturnsSuccess" storage="c:\users\admin\desktop\auracorepro\auracorepro\tests\auracore.tests.module\bin\debug\net8.0\auracore.tests.module.dll" id="7e29433a-da0b-4fd0-3d3a-81d4e184f3cf">
      <Execution id="d7bc9c7b-77ab-48f0-9534-ff6c5155386e" />
      <TestMethod codeBase="C:\Users\Admin\Desktop\AuraCorePro\AuraCorePro\tests\AuraCore.Tests.Module\bin\Debug\net8.0\AuraCore.Tests.Module.dll" adapterTypeName="executor://xunit/VsTestRunner2/netcoreapp" className="AuraCore.Tests.Module.DockerCleanerTests" name="DockerCleaner_Optimize_WithEmptyPlan_ReturnsSuccess" />
    </UnitTest>
    <UnitTest name="AuraCore.Tests.Module.LinuxAppInstallerTests.LinuxAppInstaller_Metadata_IsValid" storage="c:\users\admin\desktop\auracorepro\auracorepro\tests\auracore.tests.module\bin\debug\net8.0\auracore.tests.module.dll" id="81c839db-b9e8-b7dc-540d-665c440b1acc">
      <Execution id="5bd30ae0-77ec-480b-b355-91b7ce6dea2b" />
      <TestMethod codeBase="C:\Users\Admin\Desktop\AuraCorePro\AuraCorePro\tests\AuraCore.Tests.Module\bin\Debug\net8.0\AuraCore.Tests.Module.dll" adapterTypeName="executor://xunit/VsTestRunner2/netcoreapp" className="AuraCore.Tests.Module.LinuxAppInstallerTests" name="LinuxAppInstaller_Metadata_IsValid" />
    </UnitTest>
    <UnitTest name="AuraCore.Tests.Module.SystemdManagerTests.SystemdManager_Optimize_InvalidItemId_DoesNotCrash" storage="c:\users\admin\desktop\auracorepro\auracorepro\tests\auracore.tests.module\bin\debug\net8.0\auracore.tests.module.dll" id="ded62c07-6a8a-6d6d-07ac-6015fe3968e3">
      <Execution id="63e4f448-7770-419c-ac53-265a84418e05" />
      <TestMethod codeBase="C:\Users\Admin\Desktop\AuraCorePro\AuraCorePro\tests\AuraCore.Tests.Module\bin\Debug\net8.0\AuraCore.Tests.Module.dll" adapterTypeName="executor://xunit/VsTestRunner2/netcoreapp" className="AuraCore.Tests.Module.SystemdManagerTests" name="SystemdManager_Optimize_InvalidItemId_DoesNotCrash" />
    </UnitTest>
    <UnitTest name="AuraCore.Tests.Module.CronManagerTests.CronManager_Scan_OnNonLinux_ReturnsBlocked" storage="c:\users\admin\desktop\auracorepro\auracorepro\tests\auracore.tests.module\bin\debug\net8.0\auracore.tests.module.dll" id="76ef5fc6-6849-fe44-ca11-d6d248fb5ee5">
      <Execution id="831e8f49-a05d-448f-8b57-35ca4f83d737" />
      <TestMethod codeBase="C:\Users\Admin\Desktop\AuraCorePro\AuraCorePro\tests\AuraCore.Tests.Module\bin\Debug\net8.0\AuraCore.Tests.Module.dll" adapterTypeName="executor://xunit/VsTestRunner2/netcoreapp" className="AuraCore.Tests.Module.CronManagerTests" name="CronManager_Scan_OnNonLinux_ReturnsBlocked" />
    </UnitTest>
    <UnitTest name="AuraCore.Tests.Module.SpotlightManagerTests.SpotlightManager_Optimize_WithEmptyPlan_ReturnsSuccess" storage="c:\users\admin\desktop\auracorepro\auracorepro\tests\auracore.tests.module\bin\debug\net8.0\auracore.tests.module.dll" id="60a31854-2c68-b415-5a46-37c5fbf442d2">
      <Execution id="34a1fd0c-925d-45b2-b426-bbbc0167d1e3" />
      <TestMethod codeBase="C:\Users\Admin\Desktop\AuraCorePro\AuraCorePro\tests\AuraCore.Tests.Module\bin\Debug\net8.0\AuraCore.Tests.Module.dll" adapterTypeName="executor://xunit/VsTestRunner2/netcoreapp" className="AuraCore.Tests.Module.SpotlightManagerTests" name="SpotlightManager_Optimize_WithEmptyPlan_ReturnsSuccess" />
    </UnitTest>
    <UnitTest name="AuraCore.Tests.Module.DnsFlusherTests.DnsFlusher_Scan_OnNonMacOS_ReturnsBlocked" storage="c:\users\admin\desktop\auracorepro\auracorepro\tests\auracore.tests.module\bin\debug\net8.0\auracore.tests.module.dll" id="acfa4927-b277-3bd9-7096-97430b5bd37f">
      <Execution id="2db9cb9c-5a21-4892-93de-052ef01469ab" />
      <TestMethod codeBase="C:\Users\Admin\Desktop\AuraCorePro\AuraCorePro\tests\AuraCore.Tests.Module\bin\Debug\net8.0\AuraCore.Tests.Module.dll" adapterTypeName="executor://xunit/VsTestRunner2/netcoreapp" className="AuraCore.Tests.Module.DnsFlusherTests" name="DnsFlusher_Scan_OnNonMacOS_ReturnsBlocked" />
    </UnitTest>
    <UnitTest name="AuraCore.Tests.Module.DefaultsOptimizerTests.DefaultsOptimizer_Metadata_IsValid" storage="c:\users\admin\desktop\auracorepro\auracorepro\tests\auracore.tests.module\bin\debug\net8.0\auracore.tests.module.dll" id="aaa4a8f2-24ef-735f-8948-b09f3579ab78">
      <Execution id="8b27cb34-75ca-48bf-b871-900f10bcf73a" />
      <TestMethod codeBase="C:\Users\Admin\Desktop\AuraCorePro\AuraCorePro\tests\AuraCore.Tests.Module\bin\Debug\net8.0\AuraCore.Tests.Module.dll" adapterTypeName="executor://xunit/VsTestRunner2/netcoreapp" className="AuraCore.Tests.Module.DefaultsOptimizerTests" name="DefaultsOptimizer_Metadata_IsValid" />
    </UnitTest>
    <UnitTest name="AuraCore.Tests.Module.SystemdManagerTests.SystemdManager_Scan_OnNonLinux_ReturnsBlocked" storage="c:\users\admin\desktop\auracorepro\auracorepro\tests\auracore.tests.module\bin\debug\net8.0\auracore.tests.module.dll" id="25533316-5e7a-c4ab-a20f-3dabe1ad840f">
      <Execution id="aff9a4ef-13a2-47a7-b32d-0e5b48f98bfd" />
      <TestMethod codeBase="C:\Users\Admin\Desktop\AuraCorePro\AuraCorePro\tests\AuraCore.Tests.Module\bin\Debug\net8.0\AuraCore.Tests.Module.dll" adapterTypeName="executor://xunit/VsTestRunner2/netcoreapp" className="AuraCore.Tests.Module.SystemdManagerTests" name="SystemdManager_Scan_OnNonLinux_ReturnsBlocked" />
    </UnitTest>
    <UnitTest name="AuraCore.Tests.Module.CronManagerTests.CronManager_Optimize_WithEmptyPlan_ReturnsSuccess" storage="c:\users\admin\desktop\auracorepro\auracorepro\tests\auracore.tests.module\bin\debug\net8.0\auracore.tests.module.dll" id="721ad432-21d9-9eea-af80-47d5bc487baa">
      <Execution id="b56b1e9b-9510-432d-bdd4-3310dad56c8a" />
      <TestMethod codeBase="C:\Users\Admin\Desktop\AuraCorePro\AuraCorePro\tests\AuraCore.Tests.Module\bin\Debug\net8.0\AuraCore.Tests.Module.dll" adapterTypeName="executor://xunit/VsTestRunner2/netcoreapp" className="AuraCore.Tests.Module.CronManagerTests" name="CronManager_Optimize_WithEmptyPlan_ReturnsSuccess" />
    </UnitTest>
    <UnitTest name="AuraCore.Tests.Module.TimeMachineManagerTests.TimeMachineManager_Scan_OnNonMacOS_ReturnsBlocked" storage="c:\users\admin\desktop\auracorepro\auracorepro\tests\auracore.tests.module\bin\debug\net8.0\auracore.tests.module.dll" id="806c77be-c9c7-d8f8-a1ac-92f5f5969f6d">
      <Execution id="ea511176-1f85-4cce-b679-883e71bfd634" />
      <TestMethod codeBase="C:\Users\Admin\Desktop\AuraCorePro\AuraCorePro\tests\AuraCore.Tests.Module\bin\Debug\net8.0\AuraCore.Tests.Module.dll" adapterTypeName="executor://xunit/VsTestRunner2/netcoreapp" className="AuraCore.Tests.Module.TimeMachineManagerTests" name="TimeMachineManager_Scan_OnNonMacOS_ReturnsBlocked" />
    </UnitTest>
    <UnitTest name="AuraCore.Tests.Module.SpotlightManagerTests.SpotlightManager_Optimize_InjectionAttempt_Rejected" storage="c:\users\admin\desktop\auracorepro\auracorepro\tests\auracore.tests.module\bin\debug\net8.0\auracore.tests.module.dll" id="abbfbd17-ff6d-d208-5853-f4087fd6d904">
      <Execution id="03586e90-5103-4174-8098-05a18034cd7d" />
      <TestMethod codeBase="C:\Users\Admin\Desktop\AuraCorePro\AuraCorePro\tests\AuraCore.Tests.Module\bin\Debug\net8.0\AuraCore.Tests.Module.dll" adapterTypeName="executor://xunit/VsTestRunner2/netcoreapp" className="AuraCore.Tests.Module.SpotlightManagerTests" name="SpotlightManager_Optimize_InjectionAttempt_Rejected" />
    </UnitTest>
    <UnitTest name="AuraCore.Tests.Module.LinuxAppInstallerTests.LinuxAppInstaller_Scan_OnNonLinux_ReturnsBlocked" storage="c:\users\admin\desktop\auracorepro\auracorepro\tests\auracore.tests.module\bin\debug\net8.0\auracore.tests.module.dll" id="2e08d9af-1658-9569-8c31-04f0b70386a1">
      <Execution id="038d836d-f66f-45e7-a818-4acd1c9bb2dc" />
      <TestMethod codeBase="C:\Users\Admin\Desktop\AuraCorePro\AuraCorePro\tests\AuraCore.Tests.Module\bin\Debug\net8.0\AuraCore.Tests.Module.dll" adapterTypeName="executor://xunit/VsTestRunner2/netcoreapp" className="AuraCore.Tests.Module.LinuxAppInstallerTests" name="LinuxAppInstaller_Scan_OnNonLinux_ReturnsBlocked" />
    </UnitTest>
    <UnitTest name="AuraCore.Tests.Module.JournalCleanerTests.JournalCleaner_Scan_OnNonLinux_ReturnsBlockedOrFailure" storage="c:\users\admin\desktop\auracorepro\auracorepro\tests\auracore.tests.module\bin\debug\net8.0\auracore.tests.module.dll" id="eea8d141-69ef-6a23-6bc2-73ab0f7a99a3">
      <Execution id="1cd522cb-f34a-4e86-aa18-c12e46ad7e81" />
      <TestMethod codeBase="C:\Users\Admin\Desktop\AuraCorePro\AuraCorePro\tests\AuraCore.Tests.Module\bin\Debug\net8.0\AuraCore.Tests.Module.dll" adapterTypeName="executor://xunit/VsTestRunner2/netcoreapp" className="AuraCore.Tests.Module.JournalCleanerTests" name="JournalCleaner_Scan_OnNonLinux_ReturnsBlockedOrFailure" />
    </UnitTest>
    <UnitTest name="AuraCore.Tests.Module.BrewManagerTests.BrewManager_Optimize_WithEmptyPlan_ReturnsSuccess" storage="c:\users\admin\desktop\auracorepro\auracorepro\tests\auracore.tests.module\bin\debug\net8.0\auracore.tests.module.dll" id="9a31be9b-13ca-1e71-c111-5ebacf379c67">
      <Execution id="7e355344-d1f4-4a4c-939f-ddefb2efe802" />
      <TestMethod codeBase="C:\Users\Admin\Desktop\AuraCorePro\AuraCorePro\tests\AuraCore.Tests.Module\bin\Debug\net8.0\AuraCore.Tests.Module.dll" adapterTypeName="executor://xunit/VsTestRunner2/netcoreapp" className="AuraCore.Tests.Module.BrewManagerTests" name="BrewManager_Optimize_WithEmptyPlan_ReturnsSuccess" />
    </UnitTest>
    <UnitTest name="AuraCore.Tests.Module.SwapOptimizerTests.SwapOptimizer_Metadata_IsValid" storage="c:\users\admin\desktop\auracorepro\auracorepro\tests\auracore.tests.module\bin\debug\net8.0\auracore.tests.module.dll" id="aaa2d4d8-85ce-dc3f-96b6-0cf15983ba5a">
      <Execution id="95efa26c-67a7-44aa-b944-b610e5369c93" />
      <TestMethod codeBase="C:\Users\Admin\Desktop\AuraCorePro\AuraCorePro\tests\AuraCore.Tests.Module\bin\Debug\net8.0\AuraCore.Tests.Module.dll" adapterTypeName="executor://xunit/VsTestRunner2/netcoreapp" className="AuraCore.Tests.Module.SwapOptimizerTests" name="SwapOptimizer_Metadata_IsValid" />
    </UnitTest>
    <UnitTest name="AuraCore.Tests.Module.MacAppInstallerTests.MacAppInstaller_Optimize_InvalidItemId_NoCrash" storage="c:\users\admin\desktop\auracorepro\auracorepro\tests\auracore.tests.module\bin\debug\net8.0\auracore.tests.module.dll" id="0a311896-f077-0523-0c71-5927ea56e008">
      <Execution id="c79eebdd-7ddc-4a8f-9575-cda64e661a6a" />
      <TestMethod codeBase="C:\Users\Admin\Desktop\AuraCorePro\AuraCorePro\tests\AuraCore.Tests.Module\bin\Debug\net8.0\AuraCore.Tests.Module.dll" adapterTypeName="executor://xunit/VsTestRunner2/netcoreapp" className="AuraCore.Tests.Module.MacAppInstallerTests" name="MacAppInstaller_Optimize_InvalidItemId_NoCrash" />
    </UnitTest>
    <UnitTest name="AuraCore.Tests.Module.TimeMachineManagerTests.TimeMachineManager_Optimize_InjectionAttempt_Rejected" storage="c:\users\admin\desktop\auracorepro\auracorepro\tests\auracore.tests.module\bin\debug\net8.0\auracore.tests.module.dll" id="0b03e93b-6922-d4ac-b0e1-e1e6ced350a6">
      <Execution id="5d1daf07-2ca7-4372-9812-b8bbbfbe9eb3" />
      <TestMethod codeBase="C:\Users\Admin\Desktop\AuraCorePro\AuraCorePro\tests\AuraCore.Tests.Module\bin\Debug\net8.0\AuraCore.Tests.Module.dll" adapterTypeName="executor://xunit/VsTestRunner2/netcoreapp" className="AuraCore.Tests.Module.TimeMachineManagerTests" name="TimeMachineManager_Optimize_InjectionAttempt_Rejected" />
    </UnitTest>
    <UnitTest name="AuraCore.Tests.Module.MacAppInstallerTests.MacAppInstaller_Scan_OnNonMac_ReturnsBlocked" storage="c:\users\admin\desktop\auracorepro\auracorepro\tests\auracore.tests.module\bin\debug\net8.0\auracore.tests.module.dll" id="2196185b-8e26-989c-df70-754fdaf26636">
      <Execution id="25ddae43-3ff2-446c-9b3b-d48cea23ca11" />
      <TestMethod codeBase="C:\Users\Admin\Desktop\AuraCorePro\AuraCorePro\tests\AuraCore.Tests.Module\bin\Debug\net8.0\AuraCore.Tests.Module.dll" adapterTypeName="executor://xunit/VsTestRunner2/netcoreapp" className="AuraCore.Tests.Module.MacAppInstallerTests" name="MacAppInstaller_Scan_OnNonMac_ReturnsBlocked" />
    </UnitTest>
    <UnitTest name="AuraCore.Tests.Module.XcodeCleanerTests.XcodeCleaner_Scan_OnNonMacOS_ReturnsBlocked" storage="c:\users\admin\desktop\auracorepro\auracorepro\tests\auracore.tests.module\bin\debug\net8.0\auracore.tests.module.dll" id="a5bc5fba-2044-035e-d0f9-91e8f81054e6">
      <Execution id="aa26c89e-5b47-40d4-8480-d5672d891005" />
      <TestMethod codeBase="C:\Users\Admin\Desktop\AuraCorePro\AuraCorePro\tests\AuraCore.Tests.Module\bin\Debug\net8.0\AuraCore.Tests.Module.dll" adapterTypeName="executor://xunit/VsTestRunner2/netcoreapp" className="AuraCore.Tests.Module.XcodeCleanerTests" name="XcodeCleaner_Scan_OnNonMacOS_ReturnsBlocked" />
    </UnitTest>
    <UnitTest name="AuraCore.Tests.Module.SwapOptimizerTests.SwapOptimizer_Scan_OnNonLinux_ReturnsBlocked" storage="c:\users\admin\desktop\auracorepro\auracorepro\tests\auracore.tests.module\bin\debug\net8.0\auracore.tests.module.dll" id="df43d144-e575-bec4-2731-2521f637d669">
      <Execution id="a3bba602-8d0f-45e3-ada2-f77a9f917d03" />
      <TestMethod codeBase="C:\Users\Admin\Desktop\AuraCorePro\AuraCorePro\tests\AuraCore.Tests.Module\bin\Debug\net8.0\AuraCore.Tests.Module.dll" adapterTypeName="executor://xunit/VsTestRunner2/netcoreapp" className="AuraCore.Tests.Module.SwapOptimizerTests" name="SwapOptimizer_Scan_OnNonLinux_ReturnsBlocked" />
    </UnitTest>
    <UnitTest name="AuraCore.Tests.Module.SymlinkManagerTests.SymlinkManager_Metadata_IsValid" storage="c:\users\admin\desktop\auracorepro\auracorepro\tests\auracore.tests.module\bin\debug\net8.0\auracore.tests.module.dll" id="cbb65f01-613d-4d17-2edd-9d4c4ffd5f92">
      <Execution id="5cf4057f-f05b-45fb-b48a-f9813530395c" />
      <TestMethod codeBase="C:\Users\Admin\Desktop\AuraCorePro\AuraCorePro\tests\AuraCore.Tests.Module\bin\Debug\net8.0\AuraCore.Tests.Module.dll" adapterTypeName="executor://xunit/VsTestRunner2/netcoreapp" className="AuraCore.Tests.Module.SymlinkManagerTests" name="SymlinkManager_Metadata_IsValid" />
    </UnitTest>
    <UnitTest name="AuraCore.Tests.Module.LaunchAgentManagerTests.LaunchAgentManager_Optimize_InjectionAttempt_DoesNotCrash" storage="c:\users\admin\desktop\auracorepro\auracorepro\tests\auracore.tests.module\bin\debug\net8.0\auracore.tests.module.dll" id="dc1ff0e4-7b99-77c1-9b02-0f9b9ca1a77d">
      <Execution id="b5c29623-30db-4128-935b-adb1cc6d320a" />
      <TestMethod codeBase="C:\Users\Admin\Desktop\AuraCorePro\AuraCorePro\tests\AuraCore.Tests.Module\bin\Debug\net8.0\AuraCore.Tests.Module.dll" adapterTypeName="executor://xunit/VsTestRunner2/netcoreapp" className="AuraCore.Tests.Module.LaunchAgentManagerTests" name="LaunchAgentManager_Optimize_InjectionAttempt_DoesNotCrash" />
    </UnitTest>
    <UnitTest name="AuraCore.Tests.Module.XcodeCleanerTests.XcodeCleaner_Metadata_IsValid" storage="c:\users\admin\desktop\auracorepro\auracorepro\tests\auracore.tests.module\bin\debug\net8.0\auracore.tests.module.dll" id="dbdf10df-d0cd-f8e0-bef0-d00907423b6b">
      <Execution id="d5cb1615-4db4-4faf-b4c1-b821fe61a2b8" />
      <TestMethod codeBase="C:\Users\Admin\Desktop\AuraCorePro\AuraCorePro\tests\AuraCore.Tests.Module\bin\Debug\net8.0\AuraCore.Tests.Module.dll" adapterTypeName="executor://xunit/VsTestRunner2/netcoreapp" className="AuraCore.Tests.Module.XcodeCleanerTests" name="XcodeCleaner_Metadata_IsValid" />
    </UnitTest>
    <UnitTest name="AuraCore.Tests.Module.SymlinkManagerTests.SymlinkManager_Optimize_WithEmptyPlan_ReturnsSuccess" storage="c:\users\admin\desktop\auracorepro\auracorepro\tests\auracore.tests.module\bin\debug\net8.0\auracore.tests.module.dll" id="7c301c90-e2fb-f84f-7950-dfd4b2b8d047">
      <Execution id="91bc6ccd-a097-4291-8529-22e35c55a14c" />
      <TestMethod codeBase="C:\Users\Admin\Desktop\AuraCorePro\AuraCorePro\tests\AuraCore.Tests.Module\bin\Debug\net8.0\AuraCore.Tests.Module.dll" adapterTypeName="executor://xunit/VsTestRunner2/netcoreapp" className="AuraCore.Tests.Module.SymlinkManagerTests" name="SymlinkManager_Optimize_WithEmptyPlan_ReturnsSuccess" />
    </UnitTest>
    <UnitTest name="AuraCore.Tests.Module.LinuxAppInstallerTests.LinuxAppInstaller_Optimize_InvalidItemId_NoCrash" storage="c:\users\admin\desktop\auracorepro\auracorepro\tests\auracore.tests.module\bin\debug\net8.0\auracore.tests.module.dll" id="7efc4aef-1688-1484-d6fb-c796c72c353b">
      <Execution id="bf19d726-69f4-4765-b731-d98ec6178b33" />
      <TestMethod codeBase="C:\Users\Admin\Desktop\AuraCorePro\AuraCorePro\tests\AuraCore.Tests.Module\bin\Debug\net8.0\AuraCore.Tests.Module.dll" adapterTypeName="executor://xunit/VsTestRunner2/netcoreapp" className="AuraCore.Tests.Module.LinuxAppInstallerTests" name="LinuxAppInstaller_Optimize_InvalidItemId_NoCrash" />
    </UnitTest>
    <UnitTest name="AuraCore.Tests.Module.SymlinkManagerTests.SymlinkManager_Scan_OnNonLinux_ReturnsBlocked" storage="c:\users\admin\desktop\auracorepro\auracorepro\tests\auracore.tests.module\bin\debug\net8.0\auracore.tests.module.dll" id="e46bc269-2d52-97f8-894a-6751221d861d">
      <Execution id="04e5284a-50e9-4533-b196-af65e67feb05" />
      <TestMethod codeBase="C:\Users\Admin\Desktop\AuraCorePro\AuraCorePro\tests\AuraCore.Tests.Module\bin\Debug\net8.0\AuraCore.Tests.Module.dll" adapterTypeName="executor://xunit/VsTestRunner2/netcoreapp" className="AuraCore.Tests.Module.SymlinkManagerTests" name="SymlinkManager_Scan_OnNonLinux_ReturnsBlocked" />
    </UnitTest>
    <UnitTest name="AuraCore.Tests.Module.LaunchAgentManagerTests.LaunchAgentManager_Optimize_WithEmptyPlan_ReturnsSuccess" storage="c:\users\admin\desktop\auracorepro\auracorepro\tests\auracore.tests.module\bin\debug\net8.0\auracore.tests.module.dll" id="57285862-8639-e3a4-b2e4-889243557526">
      <Execution id="85e80391-26a1-4f19-8810-b4ddfaad0f69" />
      <TestMethod codeBase="C:\Users\Admin\Desktop\AuraCorePro\AuraCorePro\tests\AuraCore.Tests.Module\bin\Debug\net8.0\AuraCore.Tests.Module.dll" adapterTypeName="executor://xunit/VsTestRunner2/netcoreapp" className="AuraCore.Tests.Module.LaunchAgentManagerTests" name="LaunchAgentManager_Optimize_WithEmptyPlan_ReturnsSuccess" />
    </UnitTest>
    <UnitTest name="AuraCore.Tests.Module.SystemdManagerTests.SystemdManager_Optimize_WithEmptyPlan_ReturnsSuccess" storage="c:\users\admin\desktop\auracorepro\auracorepro\tests\auracore.tests.module\bin\debug\net8.0\auracore.tests.module.dll" id="22683986-86d3-533e-5f7a-77a1b6259423">
      <Execution id="d0a25dfd-f9d8-477c-8acd-49748531ee6d" />
[...]
    </UnitTest>
    <UnitTest name="AuraCore.Tests.Module.BrewManagerTests.BrewManager_Metadata_IsValid" storage="c:\users\admin\desktop\auracorepro\auracorepro\tests\auracore.tests.module\bin\debug\net8.0\auracore.tests.module.dll" id="af65e173-46f1-d25c-94fd-f9d7270e40f8">
      <Execution id="9dea7be8-74db-455c-9d3c-02e9ada75cb7" />
      <TestMethod codeBase="C:\Users\Admin\Desktop\AuraCorePro\AuraCorePro\tests\AuraCore.Tests.Module\bin\Debug\net8.0\AuraCore.Tests.Module.dll" adapterTypeName="executor://xunit/VsTestRunner2/netcoreapp" className="AuraCore.Tests.Module.BrewManagerTests" name="BrewManager_Metadata_IsValid" />
    </UnitTest>
    <UnitTest name="AuraCore.Tests.Module.TimeMachineManagerTests.TimeMachineManager_Metadata_IsValid" storage="c:\users\admin\desktop\auracorepro\auracorepro\tests\auracore.tests.module\bin\debug\net8.0\auracore.tests.module.dll" id="79139037-4a75-fb0f-c7d5-f279012e5b1e">
      <Execution id="228e84af-253e-4493-93af-5671cbae4fcb" />
      <TestMethod codeBase="C:\Users\Admin\Desktop\AuraCorePro\AuraCorePro\tests\AuraCore.Tests.Module\bin\Debug\net8.0\AuraCore.Tests.Module.dll" adapterTypeName="executor://xunit/VsTestRunner2/netcoreapp" className="AuraCore.Tests.Module.TimeMachineManagerTests" name="TimeMachineManager_Metadata_IsValid" />
    </UnitTest>
    <UnitTest name="AuraCore.Tests.Module.DefaultsOptimizerTests.DefaultsOptimizer_Scan_OnNonMacOS_ReturnsBlocked" storage="c:\users\admin\desktop\auracorepro\auracorepro\tests\auracore.tests.module\bin\debug\net8.0\auracore.tests.module.dll" id="2a466e36-3d1f-6fd2-a2fa-b9d9cecad44a">
      <Execution id="78dca00f-f913-461a-979c-0dbf28dd8e1c" />
      <TestMethod codeBase="C:\Users\Admin\Desktop\AuraCorePro\AuraCorePro\tests\AuraCore.Tests.Module\bin\Debug\net8.0\AuraCore.Tests.Module.dll" adapterTypeName="executor://xunit/VsTestRunner2/netcoreapp" className="AuraCore.Tests.Module.DefaultsOptimizerTests" name="DefaultsOptimizer_Scan_OnNonMacOS_ReturnsBlocked" />
    </UnitTest>
    <UnitTest name="AuraCore.Tests.Module.MacAppInstallerTests.MacAppInstaller_Bundles_HasAtLeast130Apps" storage="c:\users\admin\desktop\auracorepro\auracorepro\tests\auracore.tests.module\bin\debug\net8.0\auracore.tests.module.dll" id="8dfabcc7-8e76-f5e3-5ba1-ab0b7a341d2b">
      <Execution id="50c7c984-7401-4615-839a-ab4b3e68e48f" />
      <TestMethod codeBase="C:\Users\Admin\Desktop\AuraCorePro\AuraCorePro\tests\AuraCore.Tests.Module\bin\Debug\net8.0\AuraCore.Tests.Module.dll" adapterTypeName="executor://xunit/VsTestRunner2/netcoreapp" className="AuraCore.Tests.Module.MacAppInstallerTests" name="MacAppInstaller_Bundles_HasAtLeast130Apps" />
    </UnitTest>
    <UnitTest name="AuraCore.Tests.Module.BrewManagerTests.BrewManager_Scan_OnNonMacOS_ReturnsBlocked" storage="c:\users\admin\desktop\auracorepro\auracorepro\tests\auracore.tests.module\bin\debug\net8.0\auracore.tests.module.dll" id="f27a7fe9-4dd9-48e8-c219-15e81db9202e">
      <Execution id="0e3985c5-b46f-41bf-bf2e-ac3068b029a1" />
      <TestMethod codeBase="C:\Users\Admin\Desktop\AuraCorePro\AuraCorePro\tests\AuraCore.Tests.Module\bin\Debug\net8.0\AuraCore.Tests.Module.dll" adapterTypeName="executor://xunit/VsTestRunner2/netcoreapp" className="AuraCore.Tests.Module.BrewManagerTests" name="BrewManager_Scan_OnNonMacOS_ReturnsBlocked" />
    </UnitTest>
    <UnitTest name="AuraCore.Tests.Module.JournalCleanerTests.JournalCleaner_Optimize_WithEmptyPlan_ReturnsSuccess" storage="c:\users\admin\desktop\auracorepro\auracorepro\tests\auracore.tests.module\bin\debug\net8.0\auracore.tests.module.dll" id="4a898d91-6e8f-256c-1dd4-9ae8964da6d4">
      <Execution id="08de08c7-3ccb-458f-9e81-ce68cb8ca60c" />
      <TestMethod codeBase="C:\Users\Admin\Desktop\AuraCorePro\AuraCorePro\tests\AuraCore.Tests.Module\bin\Debug\net8.0\AuraCore.Tests.Module.dll" adapterTypeName="executor://xunit/VsTestRunner2/netcoreapp" className="AuraCore.Tests.Module.JournalCleanerTests" name="JournalCleaner_Optimize_WithEmptyPlan_ReturnsSuccess" />
    </UnitTest>
    <UnitTest name="AuraCore.Tests.Module.DockerCleanerTests.DockerCleaner_Metadata_IsValid" storage="c:\users\admin\desktop\auracorepro\auracorepro\tests\auracore.tests.module\bin\debug\net8.0\auracore.tests.module.dll" id="f84baa99-31a4-8da1-465c-59daa001e1bd">
      <Execution id="7c949447-8b1d-4b50-9da9-1b6baeab8b77" />
      <TestMethod codeBase="C:\Users\Admin\Desktop\AuraCorePro\AuraCorePro\tests\AuraCore.Tests.Module\bin\Debug\net8.0\AuraCore.Tests.Module.dll" adapterTypeName="executor://xunit/VsTestRunner2/netcoreapp" className="AuraCore.Tests.Module.DockerCleanerTests" name="DockerCleaner_Metadata_IsValid" />
    </UnitTest>
    <UnitTest name="AuraCore.Tests.Module.KernelCleanerTests.KernelCleaner_Metadata_IsValid" storage="c:\users\admin\desktop\auracorepro\auracorepro\tests\auracore.tests.module\bin\debug\net8.0\auracore.tests.module.dll" id="ff2c2c1f-f138-6b3a-b604-f2c369f5c35b">
      <Execution id="7294300c-b863-415f-9773-5aeb77859611" />
      <TestMethod codeBase="C:\Users\Admin\Desktop\AuraCorePro\AuraCorePro\tests\AuraCore.Tests.Module\bin\Debug\net8.0\AuraCore.Tests.Module.dll" adapterTypeName="executor://xunit/VsTestRunner2/netcoreapp" className="AuraCore.Tests.Module.KernelCleanerTests" name="KernelCleaner_Metadata_IsValid" />
    </UnitTest>
    <UnitTest name="AuraCore.Tests.Module.SystemdManagerTests.SystemdManager_Metadata_IsValid" storage="c:\users\admin\desktop\auracorepro\auracorepro\tests\auracore.tests.module\bin\debug\net8.0\auracore.tests.module.dll" id="4418623b-d16c-c79e-b722-d9caa4191313">
      <Execution id="c7e4a850-8798-4f4c-babf-d3d620d69d9c" />
      <TestMethod codeBase="C:\Users\Admin\Desktop\AuraCorePro\AuraCorePro\tests\AuraCore.Tests.Module\bin\Debug\net8.0\AuraCore.Tests.Module.dll" adapterTypeName="executor://xunit/VsTestRunner2/netcoreapp" className="AuraCore.Tests.Module.SystemdManagerTests" name="SystemdManager_Metadata_IsValid" />
    </UnitTest>
    <UnitTest name="AuraCore.Tests.Module.KernelCleanerTests.KernelCleaner_Optimize_RefusesToRemoveCurrentKernel" storage="c:\users\admin\desktop\auracorepro\auracorepro\tests\auracore.tests.module\bin\debug\net8.0\auracore.tests.module.dll" id="37d4785b-54f3-a45e-80c6-75c049f62b85">
      <Execution id="8ec03ac9-5795-4d9f-a69b-a5127c7dc91c" />
      <TestMethod codeBase="C:\Users\Admin\Desktop\AuraCorePro\AuraCorePro\tests\AuraCore.Tests.Module\bin\Debug\net8.0\AuraCore.Tests.Module.dll" adapterTypeName="executor://xunit/VsTestRunner2/netcoreapp" className="AuraCore.Tests.Module.KernelCleanerTests" name="KernelCleaner_Optimize_RefusesToRemoveCurrentKernel" />
    </UnitTest>
  </TestDefinitions>
  <TestEntries>
    <TestEntry testId="c8322b91-f737-4f52-27a1-fadbae65e110" executionId="c4ae3f68-e77e-484d-92f8-3281547a2dc5" testListId="8c84fa94-04c1-424b-9868-57a2d4851a1d" />
    <TestEntry testId="c99883ff-f5b0-cce9-c384-355e0051d641" executionId="f82351c4-818b-49a4-bcd0-0d03d939408c" testListId="8c84fa94-04c1-424b-9868-57a2d4851a1d" />
    <TestEntry testId="84fe30d9-5b03-ee81-1665-01ffbf40a5e2" executionId="4ed5c055-aacf-481d-b811-2d846c78332f" testListId="8c84fa94-04c1-424b-9868-57a2d4851a1d" />
    <TestEntry testId="37d4785b-54f3-a45e-80c6-75c049f62b85" executionId="8ec03ac9-5795-4d9f-a69b-a5127c7dc91c" testListId="8c84fa94-04c1-424b-9868-57a2d4851a1d" />
    <TestEntry testId="af65e173-46f1-d25c-94fd-f9d7270e40f8" executionId="9dea7be8-74db-455c-9d3c-02e9ada75cb7" testListId="8c84fa94-04c1-424b-9868-57a2d4851a1d" />
    <TestEntry testId="4bd40f88-2bf7-bc7b-6614-a78f50e7d2c9" executionId="35d1eda2-af99-4ece-8d07-6d3828d3b42f" testListId="8c84fa94-04c1-424b-9868-57a2d4851a1d" />
    <TestEntry testId="6e95a079-8932-f5f8-c173-f1c5893dd04f" executionId="7235e67b-9353-4d69-b447-e5d97dfdca57" testListId="8c84fa94-04c1-424b-9868-57a2d4851a1d" />
    <TestEntry testId="f27a7fe9-4dd9-48e8-c219-15e81db9202e" executionId="0e3985c5-b46f-41bf-bf2e-ac3068b029a1" testListId="8c84fa94-04c1-424b-9868-57a2d4851a1d" />
    <TestEntry testId="4418623b-d16c-c79e-b722-d9caa4191313" executionId="c7e4a850-8798-4f4c-babf-d3d620d69d9c" testListId="8c84fa94-04c1-424b-9868-57a2d4851a1d" />
    <TestEntry testId="0a311896-f077-0523-0c71-5927ea56e008" executionId="c79eebdd-7ddc-4a8f-9575-cda64e661a6a" testListId="8c84fa94-04c1-424b-9868-57a2d4851a1d" />
    <TestEntry testId="f84baa99-31a4-8da1-465c-59daa001e1bd" executionId="7c949447-8b1d-4b50-9da9-1b6baeab8b77" testListId="8c84fa94-04c1-424b-9868-57a2d4851a1d" />
    <TestEntry testId="aaa2d4d8-85ce-dc3f-96b6-0cf15983ba5a" executionId="95efa26c-67a7-44aa-b944-b610e5369c93" testListId="8c84fa94-04c1-424b-9868-57a2d4851a1d" />
    <TestEntry testId="74384b81-19d6-96d9-c9f9-d2d2d47c6bc1" executionId="0b96829f-58e0-44a9-b73f-192089916d3d" testListId="8c84fa94-04c1-424b-9868-57a2d4851a1d" />
    <TestEntry testId="7c301c90-e2fb-f84f-7950-dfd4b2b8d047" executionId="91bc6ccd-a097-4291-8529-22e35c55a14c" testListId="8c84fa94-04c1-424b-9868-57a2d4851a1d" />
    <TestEntry testId="b584a82e-810f-4b21-a9d7-eb2735a3d126" executionId="df8329f9-5642-40c6-99ae-7a246caa4516" testListId="8c84fa94-04c1-424b-9868-57a2d4851a1d" />
    <TestEntry testId="e46bc269-2d52-97f8-894a-6751221d861d" executionId="04e5284a-50e9-4533-b196-af65e67feb05" testListId="8c84fa94-04c1-424b-9868-57a2d4851a1d" />
    <TestEntry testId="f1acdb02-613c-b3ca-1172-187de5d350dd" executionId="a66384e0-75b1-436a-b851-389ecf492bb6" testListId="8c84fa94-04c1-424b-9868-57a2d4851a1d" />
    <TestEntry testId="9cec2f29-75eb-3459-a6b0-38ce6dcc0cdc" executionId="6a931951-140d-4cd2-b3b2-61388def0d2d" testListId="8c84fa94-04c1-424b-9868-57a2d4851a1d" />
    <TestEntry testId="6d214225-511a-62f1-ba97-f3cff0aefaee" executionId="0ae6ff60-d29d-444b-a45a-b5e00c68a1ea" testListId="8c84fa94-04c1-424b-9868-57a2d4851a1d" />
    <TestEntry testId="65d94bce-8150-901c-29ff-c8e7c4bcd13a" executionId="17dfd070-a711-47bc-8aec-86710c3af598" testListId="8c84fa94-04c1-424b-9868-57a2d4851a1d" />
    <TestEntry testId="7ae067c9-9d6b-63ec-f6aa-2544d01fc59f" executionId="28499ac5-cd7a-4873-bce6-8e98d69b0640" testListId="8c84fa94-04c1-424b-9868-57a2d4851a1d" />
    <TestEntry testId="92731b59-ec0d-9c4c-5a63-d20caad5ef4e" executionId="a77a2755-569b-4baa-a823-332e9dae89bc" testListId="8c84fa94-04c1-424b-9868-57a2d4851a1d" />
    <TestEntry testId="25533316-5e7a-c4ab-a20f-3dabe1ad840f" executionId="aff9a4ef-13a2-47a7-b32d-0e5b48f98bfd" testListId="8c84fa94-04c1-424b-9868-57a2d4851a1d" />
    <TestEntry testId="60a31854-2c68-b415-5a46-37c5fbf442d2" executionId="34a1fd0c-925d-45b2-b426-bbbc0167d1e3" testListId="8c84fa94-04c1-424b-9868-57a2d4851a1d" />
    <TestEntry testId="22683986-86d3-533e-5f7a-77a1b6259423" executionId="d0a25dfd-f9d8-477c-8acd-49748531ee6d" testListId="8c84fa94-04c1-424b-9868-57a2d4851a1d" />
    <TestEntry testId="eea8d141-69ef-6a23-6bc2-73ab0f7a99a3" executionId="1cd522cb-f34a-4e86-aa18-c12e46ad7e81" testListId="8c84fa94-04c1-424b-9868-57a2d4851a1d" />
    <TestEntry testId="40537617-a2ba-0ff9-86c9-335e3e41fc0f" executionId="d4e5aab0-8e57-4495-bdfd-74522bff4429" testListId="8c84fa94-04c1-424b-9868-57a2d4851a1d" />
    <TestEntry testId="8dfabcc7-8e76-f5e3-5ba1-ab0b7a341d2b" executionId="50c7c984-7401-4615-839a-ab4b3e68e48f" testListId="8c84fa94-04c1-424b-9868-57a2d4851a1d" />
    <TestEntry testId="dbdf10df-d0cd-f8e0-bef0-d00907423b6b" executionId="d5cb1615-4db4-4faf-b4c1-b821fe61a2b8" testListId="8c84fa94-04c1-424b-9868-57a2d4851a1d" />
    <TestEntry testId="30589377-2415-def8-3eb4-39ed237e43aa" executionId="6c8f1288-e854-476e-b227-144aa1243632" testListId="8c84fa94-04c1-424b-9868-57a2d4851a1d" />
    <TestEntry testId="002ad71c-b0ea-6b26-cda7-ad2db645d4e4" executionId="e04f8d2b-2f07-4174-9e26-39cbe1062571" testListId="8c84fa94-04c1-424b-9868-57a2d4851a1d" />
    <TestEntry testId="721ad432-21d9-9eea-af80-47d5bc487baa" executionId="b56b1e9b-9510-432d-bdd4-3310dad56c8a" testListId="8c84fa94-04c1-424b-9868-57a2d4851a1d" />
    <TestEntry testId="9489559a-4033-5d04-17d2-87d18bbbdebc" executionId="357fbba7-5397-4b75-95d6-0c548ffa84c0" testListId="8c84fa94-04c1-424b-9868-57a2d4851a1d" />
    <TestEntry testId="aaa4a8f2-24ef-735f-8948-b09f3579ab78" executionId="8b27cb34-75ca-48bf-b871-900f10bcf73a" testListId="8c84fa94-04c1-424b-9868-57a2d4851a1d" />
    <TestEntry testId="a5bc5fba-2044-035e-d0f9-91e8f81054e6" executionId="aa26c89e-5b47-40d4-8480-d5672d891005" testListId="8c84fa94-04c1-424b-9868-57a2d4851a1d" />
    <TestEntry testId="9e5194f0-1a58-1635-247b-e77ad8092fc6" executionId="2e1bed6f-15ed-42a9-9de4-efcd4e9ab747" testListId="8c84fa94-04c1-424b-9868-57a2d4851a1d" />
    <TestEntry testId="520532de-6fd6-8d6f-473d-3762d2c85b76" executionId="2ebb6a59-fee1-42c2-81d7-63c9de29ce18" testListId="8c84fa94-04c1-424b-9868-57a2d4851a1d" />
    <TestEntry testId="f93ff16e-61f5-4d93-e2e1-cf6f8c2c6282" executionId="fd8b67b7-3375-4a90-a06c-9796a9902eb3" testListId="8c84fa94-04c1-424b-9868-57a2d4851a1d" />
    <TestEntry testId="2a466e36-3d1f-6fd2-a2fa-b9d9cecad44a" executionId="78dca00f-f913-461a-979c-0dbf28dd8e1c" testListId="8c84fa94-04c1-424b-9868-57a2d4851a1d" />
    <TestEntry testId="cc3944bb-cb71-0358-87f6-a96837810a92" executionId="301ac4df-9f0e-4253-a902-41956235eee1" testListId="8c84fa94-04c1-424b-9868-57a2d4851a1d" />
    <TestEntry testId="191ccd9c-dbb5-f023-08be-036e37129233" executionId="98cffb85-0d94-4f48-ab20-f628d2332f95" testListId="8c84fa94-04c1-424b-9868-57a2d4851a1d" />
    <TestEntry testId="fb976641-e43a-4b24-dab2-9744b0dbaff8" executionId="a9ed9e98-4bf9-4e65-8b8f-1a5ddb5c2722" testListId="8c84fa94-04c1-424b-9868-57a2d4851a1d" />
    <TestEntry testId="806c77be-c9c7-d8f8-a1ac-92f5f5969f6d" executionId="ea511176-1f85-4cce-b679-883e71bfd634" testListId="8c84fa94-04c1-424b-9868-57a2d4851a1d" />
    <TestEntry testId="c97b3168-8694-bf28-919a-b110a96531a6" executionId="3fbbc27b-7c0b-4a71-9a4d-0187e21e2131" testListId="8c84fa94-04c1-424b-9868-57a2d4851a1d" />
    <TestEntry testId="dc1ff0e4-7b99-77c1-9b02-0f9b9ca1a77d" executionId="b5c29623-30db-4128-935b-adb1cc6d320a" testListId="8c84fa94-04c1-424b-9868-57a2d4851a1d" />
    <TestEntry testId="ac691833-f3ee-b340-3b55-453df5fd7bca" executionId="df0a94e7-629c-4dd3-8ff3-865b2b6f68c5" testListId="8c84fa94-04c1-424b-9868-57a2d4851a1d" />
    <TestEntry testId="321bfbe3-a50c-4f61-0c40-696243316e77" executionId="606f635f-5ed3-4d4b-accf-9dc4b0832d59" testListId="8c84fa94-04c1-424b-9868-57a2d4851a1d" />
    <TestEntry testId="485e0b9a-6377-a03c-81c0-25bd6103b3b8" executionId="52756633-02cb-4bb1-97bb-5261b3112eba" testListId="8c84fa94-04c1-424b-9868-57a2d4851a1d" />
    <TestEntry testId="6cc76abf-c5b8-4302-2e65-6f5d0cb99886" executionId="662b7631-f11d-41f5-a886-318aea32efbd" testListId="8c84fa94-04c1-424b-9868-57a2d4851a1d" />
    <TestEntry testId="7e278215-8e33-ff19-2049-95819210cb97" executionId="3fd84a5b-accd-4473-a8bf-124ee102fda3" testListId="8c84fa94-04c1-424b-9868-57a2d4851a1d" />
    <TestEntry testId="ded62c07-6a8a-6d6d-07ac-6015fe3968e3" executionId="63e4f448-7770-419c-ac53-265a84418e05" testListId="8c84fa94-04c1-424b-9868-57a2d4851a1d" />
    <TestEntry testId="07aa46f3-8f67-e764-7725-36ff074926ed" executionId="d071f598-6090-498e-b45f-28c25eacdeac" testListId="8c84fa94-04c1-424b-9868-57a2d4851a1d" />
    <TestEntry testId="abbfbd17-ff6d-d208-5853-f4087fd6d904" executionId="03586e90-5103-4174-8098-05a18034cd7d" testListId="8c84fa94-04c1-424b-9868-57a2d4851a1d" />
    <TestEntry testId="df43d144-e575-bec4-2731-2521f637d669" executionId="a3bba602-8d0f-45e3-ada2-f77a9f917d03" testListId="8c84fa94-04c1-424b-9868-57a2d4851a1d" />
    <TestEntry testId="acfa4927-b277-3bd9-7096-97430b5bd37f" executionId="2db9cb9c-5a21-4892-93de-052ef01469ab" testListId="8c84fa94-04c1-424b-9868-57a2d4851a1d" />
    <TestEntry testId="9a31be9b-13ca-1e71-c111-5ebacf379c67" executionId="7e355344-d1f4-4a4c-939f-ddefb2efe802" testListId="8c84fa94-04c1-424b-9868-57a2d4851a1d" />
    <TestEntry testId="4a898d91-6e8f-256c-1dd4-9ae8964da6d4" executionId="08de08c7-3ccb-458f-9e81-ce68cb8ca60c" testListId="8c84fa94-04c1-424b-9868-57a2d4851a1d" />
    <TestEntry testId="57285862-8639-e3a4-b2e4-889243557526" executionId="85e80391-26a1-4f19-8810-b4ddfaad0f69" testListId="8c84fa94-04c1-424b-9868-57a2d4851a1d" />
    <TestEntry testId="d24087fc-ee33-e42e-2267-9dda851ce515" executionId="391551e7-8f34-4590-b903-7c2151de5cf6" testListId="8c84fa94-04c1-424b-9868-57a2d4851a1d" />
    <TestEntry testId="76ef5fc6-6849-fe44-ca11-d6d248fb5ee5" executionId="831e8f49-a05d-448f-8b57-35ca4f83d737" testListId="8c84fa94-04c1-424b-9868-57a2d4851a1d" />
    <TestEntry testId="78eb6543-56c6-d56e-ebb8-806681d8f5e1" executionId="db7477c1-429f-4f49-8dd7-f475946f916c" testListId="8c84fa94-04c1-424b-9868-57a2d4851a1d" />
    <TestEntry testId="81c839db-b9e8-b7dc-540d-665c440b1acc" executionId="5bd30ae0-77ec-480b-b355-91b7ce6dea2b" testListId="8c84fa94-04c1-424b-9868-57a2d4851a1d" />
    <TestEntry testId="7e29433a-da0b-4fd0-3d3a-81d4e184f3cf" executionId="d7bc9c7b-77ab-48f0-9534-ff6c5155386e" testListId="8c84fa94-04c1-424b-9868-57a2d4851a1d" />
    <TestEntry testId="7efc4aef-1688-1484-d6fb-c796c72c353b" executionId="bf19d726-69f4-4765-b731-d98ec6178b33" testListId="8c84fa94-04c1-424b-9868-57a2d4851a1d" />
    <TestEntry testId="cbb65f01-613d-4d17-2edd-9d4c4ffd5f92" executionId="5cf4057f-f05b-45fb-b48a-f9813530395c" testListId="8c84fa94-04c1-424b-9868-57a2d4851a1d" />
    <TestEntry testId="ff2c2c1f-f138-6b3a-b604-f2c369f5c35b" executionId="7294300c-b863-415f-9773-5aeb77859611" testListId="8c84fa94-04c1-424b-9868-57a2d4851a1d" />
    <TestEntry testId="2e08d9af-1658-9569-8c31-04f0b70386a1" executionId="038d836d-f66f-45e7-a818-4acd1c9bb2dc" testListId="8c84fa94-04c1-424b-9868-57a2d4851a1d" />
    <TestEntry testId="79139037-4a75-fb0f-c7d5-f279012e5b1e" executionId="228e84af-253e-4493-93af-5671cbae4fcb" testListId="8c84fa94-04c1-424b-9868-57a2d4851a1d" />
    <TestEntry testId="2196185b-8e26-989c-df70-754fdaf26636" executionId="25ddae43-3ff2-446c-9b3b-d48cea23ca11" testListId="8c84fa94-04c1-424b-9868-57a2d4851a1d" />
    <TestEntry testId="0b03e93b-6922-d4ac-b0e1-e1e6ced350a6" executionId="5d1daf07-2ca7-4372-9812-b8bbbfbe9eb3" testListId="8c84fa94-04c1-424b-9868-57a2d4851a1d" />
    <TestEntry testId="a07f5b2c-e877-f013-4108-7f251f438c7b" executionId="406310c6-81f4-4111-b706-d483dcc1331c" testListId="8c84fa94-04c1-424b-9868-57a2d4851a1d" />
    <TestEntry testId="3fbec3fb-3faa-7165-be0f-55db6637a6f2" executionId="d03cf40d-5795-4c86-9e3d-f3438e5d1cb5" testListId="8c84fa94-04c1-424b-9868-57a2d4851a1d" />
    <TestEntry testId="5dab460b-56e6-c289-cfcd-a1243de0ee90" executionId="6b09216c-be4a-43c4-8cd5-a12a046654cf" testListId="8c84fa94-04c1-424b-9868-57a2d4851a1d" />
  </TestEntries>
  <TestLists>
    <TestList name="Results Not in a List" id="8c84fa94-04c1-424b-9868-57a2d4851a1d" />
    <TestList name="All Loaded Results" id="19431567-8539-422a-85d7-44ee4e166bda" />
  </TestLists>
  <ResultSummary outcome="Failed">
    <Counters total="73" executed="73" passed="73" failed="0" error="0" timeout="0" aborted="0" inconclusive="0" passedButRunAborted="0" notRunnable="0" notExecuted="0" disconnected="0" warning="0" completed="0" inProgress="0" pending="0" />
    <Output>
      <StdOut>[xUnit.net 00:00:00.00] xUnit.net VSTest Adapter v2.8.2+699d445a1a (64-bit .NET 8.0.25)&#xD;
[xUnit.net 00:00:00.06]   Discovering: AuraCore.Tests.Module&#xD;
[xUnit.net 00:00:00.08]   Discovered:  AuraCore.Tests.Module&#xD;
[xUnit.net 00:00:00.08]   Starting:    AuraCore.Tests.Module&#xD;
</StdOut>
    </Output>
    <RunInfos>
      <RunInfo computerName="DESKTOP-GQN87MV" outcome="Error" timestamp="2026-04-12T06:05:53.6287441+03:00">
        <Text>Aborting test run: test run timeout of 45000 milliseconds exceeded.</Text>
      </RunInfo>
    </RunInfos>
  </ResultSummary>
</TestRun>